<?xml version="1.0" encoding="UTF-8"?>
<testsuite name="PrimeCalculatorTest" tests="5" skipped="0" failures="0" errors="0" timestamp="2024-04-12T07:41:38" hostname="PRADEEP-ENVY" time="1.968">
  <properties/>
  <testcase name="testUndefinedPrime()" classname="PrimeCalculatorTest" time="0.059"/>
  <testcase name="testSixthPrime()" classname="PrimeCalculatorTest" time="0.013"/>
  <testcase name="testFirstPrime()" classname="PrimeCalculatorTest" time="0.002"/>
  <testcase name="testSecondPrime()" classname="PrimeCalculatorTest" time="0.001"/>
  <testcase name="testBigPrime()" classname="PrimeCalculatorTest" time="1.886"/>
  <system-out><![CDATA[5-2
4-3
3-5
2-7
1-11
0-13
0-2
1-2
0-3
10000-2
9999-3
9998-5
9997-7
9996-11
9995-13
9994-17
9993-19
9992-23
9991-29
9990-31
9989-37
9988-41
9987-43
9986-47
9985-53
9984-59
9983-61
9982-67
9981-71
9980-73
9979-79
9978-83
9977-89
9976-97
9975-101
9974-103
9973-107
9972-109
9971-113
9970-127
9969-131
9968-137
9967-139
9966-149
9965-151
9964-157
9963-163
9962-167
9961-173
9960-179
9959-181
9958-191
9957-193
9956-197
9955-199
9954-211
9953-223
9952-227
9951-229
9950-233
9949-239
9948-241
9947-251
9946-257
9945-263
9944-269
9943-271
9942-277
9941-281
9940-283
9939-293
9938-307
9937-311
9936-313
9935-317
9934-331
9933-337
9932-347
9931-349
9930-353
9929-359
9928-367
9927-373
9926-379
9925-383
9924-389
9923-397
9922-401
9921-409
9920-419
9919-421
9918-431
9917-433
9916-439
9915-443
9914-449
9913-457
9912-461
9911-463
9910-467
9909-479
9908-487
9907-491
9906-499
9905-503
9904-509
9903-521
9902-523
9901-541
9900-547
9899-557
9898-563
9897-569
9896-571
9895-577
9894-587
9893-593
9892-599
9891-601
9890-607
9889-613
9888-617
9887-619
9886-631
9885-641
9884-643
9883-647
9882-653
9881-659
9880-661
9879-673
9878-677
9877-683
9876-691
9875-701
9874-709
9873-719
9872-727
9871-733
9870-739
9869-743
9868-751
9867-757
9866-761
9865-769
9864-773
9863-787
9862-797
9861-809
9860-811
9859-821
9858-823
9857-827
9856-829
9855-839
9854-853
9853-857
9852-859
9851-863
9850-877
9849-881
9848-883
9847-887
9846-907
9845-911
9844-919
9843-929
9842-937
9841-941
9840-947
9839-953
9838-967
9837-971
9836-977
9835-983
9834-991
9833-997
9832-1009
9831-1013
9830-1019
9829-1021
9828-1031
9827-1033
9826-1039
9825-1049
9824-1051
9823-1061
9822-1063
9821-1069
9820-1087
9819-1091
9818-1093
9817-1097
9816-1103
9815-1109
9814-1117
9813-1123
9812-1129
9811-1151
9810-1153
9809-1163
9808-1171
9807-1181
9806-1187
9805-1193
9804-1201
9803-1213
9802-1217
9801-1223
9800-1229
9799-1231
9798-1237
9797-1249
9796-1259
9795-1277
9794-1279
9793-1283
9792-1289
9791-1291
9790-1297
9789-1301
9788-1303
9787-1307
9786-1319
9785-1321
9784-1327
9783-1361
9782-1367
9781-1373
9780-1381
9779-1399
9778-1409
9777-1423
9776-1427
9775-1429
9774-1433
9773-1439
9772-1447
9771-1451
9770-1453
9769-1459
9768-1471
9767-1481
9766-1483
9765-1487
9764-1489
9763-1493
9762-1499
9761-1511
9760-1523
9759-1531
9758-1543
9757-1549
9756-1553
9755-1559
9754-1567
9753-1571
9752-1579
9751-1583
9750-1597
9749-1601
9748-1607
9747-1609
9746-1613
9745-1619
9744-1621
9743-1627
9742-1637
9741-1657
9740-1663
9739-1667
9738-1669
9737-1693
9736-1697
9735-1699
9734-1709
9733-1721
9732-1723
9731-1733
9730-1741
9729-1747
9728-1753
9727-1759
9726-1777
9725-1783
9724-1787
9723-1789
9722-1801
9721-1811
9720-1823
9719-1831
9718-1847
9717-1861
9716-1867
9715-1871
9714-1873
9713-1877
9712-1879
9711-1889
9710-1901
9709-1907
9708-1913
9707-1931
9706-1933
9705-1949
9704-1951
9703-1973
9702-1979
9701-1987
9700-1993
9699-1997
9698-1999
9697-2003
9696-2011
9695-2017
9694-2027
9693-2029
9692-2039
9691-2053
9690-2063
9689-2069
9688-2081
9687-2083
9686-2087
9685-2089
9684-2099
9683-2111
9682-2113
9681-2129
9680-2131
9679-2137
9678-2141
9677-2143
9676-2153
9675-2161
9674-2179
9673-2203
9672-2207
9671-2213
9670-2221
9669-2237
9668-2239
9667-2243
9666-2251
9665-2267
9664-2269
9663-2273
9662-2281
9661-2287
9660-2293
9659-2297
9658-2309
9657-2311
9656-2333
9655-2339
9654-2341
9653-2347
9652-2351
9651-2357
9650-2371
9649-2377
9648-2381
9647-2383
9646-2389
9645-2393
9644-2399
9643-2411
9642-2417
9641-2423
9640-2437
9639-2441
9638-2447
9637-2459
9636-2467
9635-2473
9634-2477
9633-2503
9632-2521
9631-2531
9630-2539
9629-2543
9628-2549
9627-2551
9626-2557
9625-2579
9624-2591
9623-2593
9622-2609
9621-2617
9620-2621
9619-2633
9618-2647
9617-2657
9616-2659
9615-2663
9614-2671
9613-2677
9612-2683
9611-2687
9610-2689
9609-2693
9608-2699
9607-2707
9606-2711
9605-2713
9604-2719
9603-2729
9602-2731
9601-2741
9600-2749
9599-2753
9598-2767
9597-2777
9596-2789
9595-2791
9594-2797
9593-2801
9592-2803
9591-2819
9590-2833
9589-2837
9588-2843
9587-2851
9586-2857
9585-2861
9584-2879
9583-2887
9582-2897
9581-2903
9580-2909
9579-2917
9578-2927
9577-2939
9576-2953
9575-2957
9574-2963
9573-2969
9572-2971
9571-2999
9570-3001
9569-3011
9568-3019
9567-3023
9566-3037
9565-3041
9564-3049
9563-3061
9562-3067
9561-3079
9560-3083
9559-3089
9558-3109
9557-3119
9556-3121
9555-3137
9554-3163
9553-3167
9552-3169
9551-3181
9550-3187
9549-3191
9548-3203
9547-3209
9546-3217
9545-3221
9544-3229
9543-3251
9542-3253
9541-3257
9540-3259
9539-3271
9538-3299
9537-3301
9536-3307
9535-3313
9534-3319
9533-3323
9532-3329
9531-3331
9530-3343
9529-3347
9528-3359
9527-3361
9526-3371
9525-3373
9524-3389
9523-3391
9522-3407
9521-3413
9520-3433
9519-3449
9518-3457
9517-3461
9516-3463
9515-3467
9514-3469
9513-3491
9512-3499
9511-3511
9510-3517
9509-3527
9508-3529
9507-3533
9506-3539
9505-3541
9504-3547
9503-3557
9502-3559
9501-3571
9500-3581
9499-3583
9498-3593
9497-3607
9496-3613
9495-3617
9494-3623
9493-3631
9492-3637
9491-3643
9490-3659
9489-3671
9488-3673
9487-3677
9486-3691
9485-3697
9484-3701
9483-3709
9482-3719
9481-3727
9480-3733
9479-3739
9478-3761
9477-3767
9476-3769
9475-3779
9474-3793
9473-3797
9472-3803
9471-3821
9470-3823
9469-3833
9468-3847
9467-3851
9466-3853
9465-3863
9464-3877
9463-3881
9462-3889
9461-3907
9460-3911
9459-3917
9458-3919
9457-3923
9456-3929
9455-3931
9454-3943
9453-3947
9452-3967
9451-3989
9450-4001
9449-4003
9448-4007
9447-4013
9446-4019
9445-4021
9444-4027
9443-4049
9442-4051
9441-4057
9440-4073
9439-4079
9438-4091
9437-4093
9436-4099
9435-4111
9434-4127
9433-4129
9432-4133
9431-4139
9430-4153
9429-4157
9428-4159
9427-4177
9426-4201
9425-4211
9424-4217
9423-4219
9422-4229
9421-4231
9420-4241
9419-4243
9418-4253
9417-4259
9416-4261
9415-4271
9414-4273
9413-4283
9412-4289
9411-4297
9410-4327
9409-4337
9408-4339
9407-4349
9406-4357
9405-4363
9404-4373
9403-4391
9402-4397
9401-4409
9400-4421
9399-4423
9398-4441
9397-4447
9396-4451
9395-4457
9394-4463
9393-4481
9392-4483
9391-4493
9390-4507
9389-4513
9388-4517
9387-4519
9386-4523
9385-4547
9384-4549
9383-4561
9382-4567
9381-4583
9380-4591
9379-4597
9378-4603
9377-4621
9376-4637
9375-4639
9374-4643
9373-4649
9372-4651
9371-4657
9370-4663
9369-4673
9368-4679
9367-4691
9366-4703
9365-4721
9364-4723
9363-4729
9362-4733
9361-4751
9360-4759
9359-4783
9358-4787
9357-4789
9356-4793
9355-4799
9354-4801
9353-4813
9352-4817
9351-4831
9350-4861
9349-4871
9348-4877
9347-4889
9346-4903
9345-4909
9344-4919
9343-4931
9342-4933
9341-4937
9340-4943
9339-4951
9338-4957
9337-4967
9336-4969
9335-4973
9334-4987
9333-4993
9332-4999
9331-5003
9330-5009
9329-5011
9328-5021
9327-5023
9326-5039
9325-5051
9324-5059
9323-5077
9322-5081
9321-5087
9320-5099
9319-5101
9318-5107
9317-5113
9316-5119
9315-5147
9314-5153
9313-5167
9312-5171
9311-5179
9310-5189
9309-5197
9308-5209
9307-5227
9306-5231
9305-5233
9304-5237
9303-5261
9302-5273
9301-5279
9300-5281
9299-5297
9298-5303
9297-5309
9296-5323
9295-5333
9294-5347
9293-5351
9292-5381
9291-5387
9290-5393
9289-5399
9288-5407
9287-5413
9286-5417
9285-5419
9284-5431
9283-5437
9282-5441
9281-5443
9280-5449
9279-5471
9278-5477
9277-5479
9276-5483
9275-5501
9274-5503
9273-5507
9272-5519
9271-5521
9270-5527
9269-5531
9268-5557
9267-5563
9266-5569
9265-5573
9264-5581
9263-5591
9262-5623
9261-5639
9260-5641
9259-5647
9258-5651
9257-5653
9256-5657
9255-5659
9254-5669
9253-5683
9252-5689
9251-5693
9250-5701
9249-5711
9248-5717
9247-5737
9246-5741
9245-5743
9244-5749
9243-5779
9242-5783
9241-5791
9240-5801
9239-5807
9238-5813
9237-5821
9236-5827
9235-5839
9234-5843
9233-5849
9232-5851
9231-5857
9230-5861
9229-5867
9228-5869
9227-5879
9226-5881
9225-5897
9224-5903
9223-5923
9222-5927
9221-5939
9220-5953
9219-5981
9218-5987
9217-6007
9216-6011
9215-6029
9214-6037
9213-6043
9212-6047
9211-6053
9210-6067
9209-6073
9208-6079
9207-6089
9206-6091
9205-6101
9204-6113
9203-6121
9202-6131
9201-6133
9200-6143
9199-6151
9198-6163
9197-6173
9196-6197
9195-6199
9194-6203
9193-6211
9192-6217
9191-6221
9190-6229
9189-6247
9188-6257
9187-6263
9186-6269
9185-6271
9184-6277
9183-6287
9182-6299
9181-6301
9180-6311
9179-6317
9178-6323
9177-6329
9176-6337
9175-6343
9174-6353
9173-6359
9172-6361
9171-6367
9170-6373
9169-6379
9168-6389
9167-6397
9166-6421
9165-6427
9164-6449
9163-6451
9162-6469
9161-6473
9160-6481
9159-6491
9158-6521
9157-6529
9156-6547
9155-6551
9154-6553
9153-6563
9152-6569
9151-6571
9150-6577
9149-6581
9148-6599
9147-6607
9146-6619
9145-6637
9144-6653
9143-6659
9142-6661
9141-6673
9140-6679
9139-6689
9138-6691
9137-6701
9136-6703
9135-6709
9134-6719
9133-6733
9132-6737
9131-6761
9130-6763
9129-6779
9128-6781
9127-6791
9126-6793
9125-6803
9124-6823
9123-6827
9122-6829
9121-6833
9120-6841
9119-6857
9118-6863
9117-6869
9116-6871
9115-6883
9114-6899
9113-6907
9112-6911
9111-6917
9110-6947
9109-6949
9108-6959
9107-6961
9106-6967
9105-6971
9104-6977
9103-6983
9102-6991
9101-6997
9100-7001
9099-7013
9098-7019
9097-7027
9096-7039
9095-7043
9094-7057
9093-7069
9092-7079
9091-7103
9090-7109
9089-7121
9088-7127
9087-7129
9086-7151
9085-7159
9084-7177
9083-7187
9082-7193
9081-7207
9080-7211
9079-7213
9078-7219
9077-7229
9076-7237
9075-7243
9074-7247
9073-7253
9072-7283
9071-7297
9070-7307
9069-7309
9068-7321
9067-7331
9066-7333
9065-7349
9064-7351
9063-7369
9062-7393
9061-7411
9060-7417
9059-7433
9058-7451
9057-7457
9056-7459
9055-7477
9054-7481
9053-7487
9052-7489
9051-7499
9050-7507
9049-7517
9048-7523
9047-7529
9046-7537
9045-7541
9044-7547
9043-7549
9042-7559
9041-7561
9040-7573
9039-7577
9038-7583
9037-7589
9036-7591
9035-7603
9034-7607
9033-7621
9032-7639
9031-7643
9030-7649
9029-7669
9028-7673
9027-7681
9026-7687
9025-7691
9024-7699
9023-7703
9022-7717
9021-7723
9020-7727
9019-7741
9018-7753
9017-7757
9016-7759
9015-7789
9014-7793
9013-7817
9012-7823
9011-7829
9010-7841
9009-7853
9008-7867
9007-7873
9006-7877
9005-7879
9004-7883
9003-7901
9002-7907
9001-7919
9000-7927
8999-7933
8998-7937
8997-7949
8996-7951
8995-7963
8994-7993
8993-8009
8992-8011
8991-8017
8990-8039
8989-8053
8988-8059
8987-8069
8986-8081
8985-8087
8984-8089
8983-8093
8982-8101
8981-8111
8980-8117
8979-8123
8978-8147
8977-8161
8976-8167
8975-8171
8974-8179
8973-8191
8972-8209
8971-8219
8970-8221
8969-8231
8968-8233
8967-8237
8966-8243
8965-8263
8964-8269
8963-8273
8962-8287
8961-8291
8960-8293
8959-8297
8958-8311
8957-8317
8956-8329
8955-8353
8954-8363
8953-8369
8952-8377
8951-8387
8950-8389
8949-8419
8948-8423
8947-8429
8946-8431
8945-8443
8944-8447
8943-8461
8942-8467
8941-8501
8940-8513
8939-8521
8938-8527
8937-8537
8936-8539
8935-8543
8934-8563
8933-8573
8932-8581
8931-8597
8930-8599
8929-8609
8928-8623
8927-8627
8926-8629
8925-8641
8924-8647
8923-8663
8922-8669
8921-8677
8920-8681
8919-8689
8918-8693
8917-8699
8916-8707
8915-8713
8914-8719
8913-8731
8912-8737
8911-8741
8910-8747
8909-8753
8908-8761
8907-8779
8906-8783
8905-8803
8904-8807
8903-8819
8902-8821
8901-8831
8900-8837
8899-8839
8898-8849
8897-8861
8896-8863
8895-8867
8894-8887
8893-8893
8892-8923
8891-8929
8890-8933
8889-8941
8888-8951
8887-8963
8886-8969
8885-8971
8884-8999
8883-9001
8882-9007
8881-9011
8880-9013
8879-9029
8878-9041
8877-9043
8876-9049
8875-9059
8874-9067
8873-9091
8872-9103
8871-9109
8870-9127
8869-9133
8868-9137
8867-9151
8866-9157
8865-9161
8864-9173
8863-9181
8862-9187
8861-9199
8860-9203
8859-9209
8858-9221
8857-9227
8856-9239
8855-9241
8854-9257
8853-9277
8852-9281
8851-9283
8850-9293
8849-9311
8848-9319
8847-9323
8846-9337
8845-9341
8844-9343
8843-9349
8842-9371
8841-9377
8840-9391
8839-9397
8838-9403
8837-9413
8836-9419
8835-9421
8834-9431
8833-9433
8832-9437
8831-9439
8830-9461
8829-9463
8828-9467
8827-9473
8826-9479
8825-9491
8824-9497
8823-9511
8822-9521
8821-9533
8820-9539
8819-9547
8818-9551
8817-9587
8816-9601
8815-9613
8814-9619
8813-9623
8812-9629
8811-9631
8810-9643
8809-9649
8808-9661
8807-9677
8806-9679
8805-9689
8804-9697
8803-9719
8802-9721
8801-9733
8800-9739
8799-9743
8798-9749
8797-9767
8796-9769
8795-9781
8794-9787
8793-9791
8792-9803
8791-9811
8790-9817
8789-9829
8788-9833
8787-9839
8786-9851
8785-9857
8784-9859
8783-9871
8782-9883
8781-9887
8780-9901
8779-9907
8778-9923
8777-9929
8776-9931
8775-9941
8774-9949
8773-9967
8772-9973
8771-10007
8770-10009
8769-10037
8768-10039
8767-10061
8766-10067
8765-10069
8764-10079
8763-10091
8762-10093
8761-10099
8760-10103
8759-10111
8758-10133
8757-10139
8756-10141
8755-10151
8754-10159
8753-10163
8752-10169
8751-10177
8750-10181
8749-10193
8748-10211
8747-10223
8746-10243
8745-10247
8744-10253
8743-10259
8742-10267
8741-10271
8740-10273
8739-10289
8738-10301
8737-10303
8736-10313
8735-10321
8734-10331
8733-10333
8732-10337
8731-10343
8730-10357
8729-10369
8728-10391
8727-10399
8726-10427
8725-10429
8724-10433
8723-10453
8722-10457
8721-10459
8720-10463
8719-10477
8718-10487
8717-10499
8716-10501
8715-10513
8714-10529
8713-10531
8712-10559
8711-10567
8710-10589
8709-10597
8708-10601
8707-10607
8706-10613
8705-10627
8704-10631
8703-10639
8702-10651
8701-10657
8700-10663
8699-10667
8698-10687
8697-10691
8696-10709
8695-10711
8694-10723
8693-10729
8692-10733
8691-10739
8690-10753
8689-10771
8688-10781
8687-10789
8686-10799
8685-10831
8684-10837
8683-10847
8682-10853
8681-10859
8680-10861
8679-10867
8678-10883
8677-10889
8676-10891
8675-10903
8674-10909
8673-10937
8672-10939
8671-10949
8670-10957
8669-10973
8668-10979
8667-10987
8666-10993
8665-11003
8664-11027
8663-11047
8662-11057
8661-11059
8660-11069
8659-11071
8658-11083
8657-11087
8656-11093
8655-11113
8654-11117
8653-11119
8652-11131
8651-11149
8650-11159
8649-11161
8648-11171
8647-11173
8646-11177
8645-11197
8644-11213
8643-11239
8642-11243
8641-11251
8640-11257
8639-11261
8638-11273
8637-11279
8636-11287
8635-11299
8634-11311
8633-11317
8632-11321
8631-11329
8630-11351
8629-11353
8628-11369
8627-11383
8626-11393
8625-11399
8624-11411
8623-11423
8622-11437
8621-11443
8620-11447
8619-11467
8618-11471
8617-11483
8616-11489
8615-11491
8614-11497
8613-11503
8612-11519
8611-11527
8610-11549
8609-11551
8608-11579
8607-11587
8606-11593
8605-11597
8604-11617
8603-11621
8602-11633
8601-11657
8600-11677
8599-11681
8598-11689
8597-11699
8596-11701
8595-11717
8594-11719
8593-11731
8592-11743
8591-11777
8590-11779
8589-11783
8588-11789
8587-11801
8586-11807
8585-11813
8584-11821
8583-11827
8582-11831
8581-11833
8580-11839
8579-11863
8578-11867
8577-11887
8576-11897
8575-11903
8574-11909
8573-11923
8572-11927
8571-11933
8570-11939
8569-11941
8568-11953
8567-11959
8566-11969
8565-11971
8564-11981
8563-11987
8562-12007
8561-12011
8560-12037
8559-12041
8558-12043
8557-12049
8556-12071
8555-12073
8554-12097
8553-12101
8552-12107
8551-12109
8550-12113
8549-12119
8548-12143
8547-12149
8546-12157
8545-12161
8544-12163
8543-12197
8542-12203
8541-12211
8540-12227
8539-12239
8538-12241
8537-12251
8536-12253
8535-12263
8534-12269
8533-12277
8532-12281
8531-12289
8530-12301
8529-12323
8528-12329
8527-12343
8526-12347
8525-12373
8524-12377
8523-12379
8522-12391
8521-12401
8520-12409
8519-12413
8518-12421
8517-12433
8516-12437
8515-12451
8514-12457
8513-12473
8512-12479
8511-12487
8510-12491
8509-12497
8508-12503
8507-12511
8506-12517
8505-12527
8504-12539
8503-12541
8502-12547
8501-12553
8500-12569
8499-12577
8498-12583
8497-12589
8496-12601
8495-12611
8494-12613
8493-12619
8492-12637
8491-12641
8490-12647
8489-12653
8488-12659
8487-12671
8486-12689
8485-12697
8484-12703
8483-12713
8482-12721
8481-12739
8480-12743
8479-12757
8478-12763
8477-12781
8476-12791
8475-12799
8474-12809
8473-12821
8472-12823
8471-12829
8470-12841
8469-12853
8468-12889
8467-12893
8466-12899
8465-12907
8464-12911
8463-12917
8462-12919
8461-12923
8460-12941
8459-12953
8458-12959
8457-12967
8456-12973
8455-12979
8454-12983
8453-13001
8452-13003
8451-13007
8450-13009
8449-13033
8448-13037
8447-13043
8446-13049
8445-13063
8444-13093
8443-13099
8442-13103
8441-13109
8440-13121
8439-13127
8438-13147
8437-13151
8436-13159
8435-13163
8434-13171
8433-13177
8432-13183
8431-13187
8430-13217
8429-13219
8428-13229
8427-13241
8426-13249
8425-13259
8424-13267
8423-13291
8422-13297
8421-13309
8420-13313
8419-13327
8418-13331
8417-13337
8416-13339
8415-13367
8414-13381
8413-13397
8412-13399
8411-13411
8410-13417
8409-13421
8408-13441
8407-13451
8406-13457
8405-13463
8404-13469
8403-13477
8402-13487
8401-13499
8400-13513
8399-13523
8398-13537
8397-13553
8396-13567
8395-13577
8394-13591
8393-13597
8392-13613
8391-13619
8390-13627
8389-13633
8388-13649
8387-13669
8386-13679
8385-13681
8384-13687
8383-13691
8382-13693
8381-13697
8380-13709
8379-13711
8378-13721
8377-13723
8376-13729
8375-13751
8374-13757
8373-13759
8372-13763
8371-13781
8370-13789
8369-13799
8368-13807
8367-13829
8366-13831
8365-13841
8364-13859
8363-13873
8362-13877
8361-13879
8360-13883
8359-13901
8358-13903
8357-13907
8356-13913
8355-13921
8354-13931
8353-13933
8352-13963
8351-13967
8350-13997
8349-13999
8348-14009
8347-14011
8346-14029
8345-14033
8344-14051
8343-14057
8342-14071
8341-14081
8340-14083
8339-14087
8338-14107
8337-14143
8336-14149
8335-14153
8334-14159
8333-14173
8332-14177
8331-14197
8330-14207
8329-14221
8328-14243
8327-14249
8326-14251
8325-14281
8324-14293
8323-14303
8322-14321
8321-14323
8320-14327
8319-14341
8318-14347
8317-14369
8316-14387
8315-14389
8314-14401
8313-14407
8312-14411
8311-14419
8310-14423
8309-14431
8308-14437
8307-14447
8306-14449
8305-14461
8304-14479
8303-14489
8302-14503
8301-14519
8300-14533
8299-14537
8298-14543
8297-14549
8296-14551
8295-14557
8294-14561
8293-14563
8292-14591
8291-14593
8290-14621
8289-14627
8288-14629
8287-14633
8286-14639
8285-14653
8284-14657
8283-14669
8282-14683
8281-14699
8280-14713
8279-14717
8278-14723
8277-14731
8276-14737
8275-14741
8274-14747
8273-14753
8272-14759
8271-14767
8270-14771
8269-14779
8268-14783
8267-14797
8266-14813
8265-14821
8264-14827
8263-14831
8262-14843
8261-14851
8260-14867
8259-14869
8258-14879
8257-14887
8256-14891
8255-14897
8254-14923
8253-14929
8252-14939
8251-14947
8250-14951
8249-14957
8248-14969
8247-14983
8246-15013
8245-15017
8244-15031
8243-15053
8242-15061
8241-15073
8240-15077
8239-15083
8238-15091
8237-15101
8236-15107
8235-15121
8234-15131
8233-15137
8232-15139
8231-15149
8230-15161
8229-15173
8228-15187
8227-15193
8226-15199
8225-15217
8224-15227
8223-15233
8222-15241
8221-15259
8220-15263
8219-15269
8218-15271
8217-15277
8216-15287
8215-15289
8214-15299
8213-15307
8212-15313
8211-15319
8210-15329
8209-15331
8208-15349
8207-15359
8206-15361
8205-15373
8204-15377
8203-15383
8202-15391
8201-15401
8200-15413
8199-15427
8198-15439
8197-15443
8196-15451
8195-15461
8194-15467
8193-15473
8192-15493
8191-15497
8190-15511
8189-15527
8188-15541
8187-15551
8186-15559
8185-15569
8184-15581
8183-15583
8182-15601
8181-15607
8180-15619
8179-15629
8178-15641
8177-15643
8176-15647
8175-15649
8174-15661
8173-15667
8172-15671
8171-15679
8170-15683
8169-15727
8168-15731
8167-15733
8166-15737
8165-15739
8164-15749
8163-15761
8162-15767
8161-15773
8160-15787
8159-15791
8158-15797
8157-15803
8156-15809
8155-15817
8154-15823
8153-15859
8152-15877
8151-15881
8150-15887
8149-15889
8148-15901
8147-15907
8146-15913
8145-15919
8144-15923
8143-15937
8142-15959
8141-15971
8140-15973
8139-15991
8138-16001
8137-16007
8136-16033
8135-16057
8134-16061
8133-16063
8132-16067
8131-16069
8130-16073
8129-16087
8128-16091
8127-16097
8126-16103
8125-16111
8124-16127
8123-16139
8122-16141
8121-16183
8120-16187
8119-16189
8118-16193
8117-16217
8116-16223
8115-16229
8114-16231
8113-16249
8112-16253
8111-16267
8110-16273
8109-16301
8108-16319
8107-16333
8106-16339
8105-16349
8104-16361
8103-16363
8102-16369
8101-16381
8100-16411
8099-16417
8098-16421
8097-16427
8096-16433
8095-16447
8094-16451
8093-16453
8092-16477
8091-16481
8090-16487
8089-16493
8088-16519
8087-16529
8086-16547
8085-16553
8084-16561
8083-16567
8082-16573
8081-16603
8080-16607
8079-16619
8078-16631
8077-16633
8076-16649
8075-16651
8074-16657
8073-16661
8072-16673
8071-16691
8070-16693
8069-16699
8068-16703
8067-16729
8066-16741
8065-16747
8064-16759
8063-16763
8062-16787
8061-16811
8060-16823
8059-16829
8058-16831
8057-16843
8056-16871
8055-16879
8054-16883
8053-16889
8052-16901
8051-16903
8050-16921
8049-16927
8048-16931
8047-16937
8046-16943
8045-16963
8044-16979
8043-16981
8042-16987
8041-16993
8040-17011
8039-17021
8038-17027
8037-17029
8036-17033
8035-17041
8034-17047
8033-17053
8032-17077
8031-17093
8030-17099
8029-17107
8028-17117
8027-17123
8026-17137
8025-17159
8024-17167
8023-17183
8022-17189
8021-17191
8020-17203
8019-17207
8018-17209
8017-17231
8016-17239
8015-17257
8014-17291
8013-17293
8012-17299
8011-17317
8010-17321
8009-17327
8008-17333
8007-17341
8006-17351
8005-17359
8004-17377
8003-17383
8002-17387
8001-17389
8000-17393
7999-17401
7998-17417
7997-17419
7996-17431
7995-17443
7994-17449
7993-17467
7992-17471
7991-17477
7990-17483
7989-17489
7988-17491
7987-17497
7986-17509
7985-17519
7984-17539
7983-17551
7982-17569
7981-17573
7980-17579
7979-17581
7978-17597
7977-17599
7976-17609
7975-17623
7974-17627
7973-17657
7972-17659
7971-17669
7970-17681
7969-17683
7968-17707
7967-17713
7966-17729
7965-17737
7964-17747
7963-17749
7962-17761
7961-17783
7960-17789
7959-17791
7958-17807
7957-17827
7956-17837
7955-17839
7954-17851
7953-17863
7952-17881
7951-17891
7950-17903
7949-17909
7948-17911
7947-17921
7946-17923
7945-17929
7944-17939
7943-17957
7942-17959
7941-17971
7940-17977
7939-17981
7938-17987
7937-17989
7936-18013
7935-18041
7934-18043
7933-18047
7932-18049
7931-18059
7930-18061
7929-18077
7928-18089
7927-18097
7926-18119
7925-18121
7924-18127
7923-18131
7922-18133
7921-18143
7920-18149
7919-18169
7918-18181
7917-18191
7916-18199
7915-18211
7914-18217
7913-18223
7912-18229
7911-18233
7910-18251
7909-18253
7908-18257
7907-18269
7906-18287
7905-18289
7904-18301
7903-18307
7902-18311
7901-18313
7900-18329
7899-18341
7898-18353
7897-18367
7896-18371
7895-18379
7894-18397
7893-18401
7892-18413
7891-18427
7890-18433
7889-18439
7888-18443
7887-18451
7886-18457
7885-18461
7884-18481
7883-18493
7882-18503
7881-18517
7880-18521
7879-18523
7878-18539
7877-18541
7876-18553
7875-18583
7874-18587
7873-18593
7872-18617
7871-18637
7870-18661
7869-18671
7868-18679
7867-18691
7866-18701
7865-18713
7864-18719
7863-18731
7862-18743
7861-18749
7860-18757
7859-18773
7858-18787
7857-18793
7856-18797
7855-18803
7854-18839
7853-18859
7852-18869
7851-18899
7850-18911
7849-18913
7848-18917
7847-18919
7846-18947
7845-18959
7844-18973
7843-18979
7842-19001
7841-19009
7840-19013
7839-19031
7838-19037
7837-19051
7836-19069
7835-19073
7834-19079
7833-19081
7832-19087
7831-19121
7830-19139
7829-19141
7828-19157
7827-19163
7826-19181
7825-19183
7824-19207
7823-19211
7822-19213
7821-19219
7820-19231
7819-19237
7818-19249
7817-19259
7816-19267
7815-19273
7814-19289
7813-19301
7812-19309
7811-19319
7810-19333
7809-19373
7808-19379
7807-19381
7806-19387
7805-19391
7804-19403
7803-19417
7802-19421
7801-19423
7800-19427
7799-19429
7798-19433
7797-19441
7796-19447
7795-19457
7794-19463
7793-19469
7792-19471
7791-19477
7790-19483
7789-19489
7788-19501
7787-19507
7786-19531
7785-19541
7784-19543
7783-19553
7782-19559
7781-19571
7780-19577
7779-19583
7778-19597
7777-19603
7776-19609
7775-19661
7774-19681
7773-19687
7772-19697
7771-19699
7770-19709
7769-19717
7768-19727
7767-19739
7766-19751
7765-19753
7764-19759
7763-19763
7762-19777
7761-19793
7760-19801
7759-19813
7758-19819
7757-19841
7756-19843
7755-19853
7754-19861
7753-19867
7752-19889
7751-19891
7750-19913
7749-19919
7748-19927
7747-19937
7746-19949
7745-19961
7744-19963
7743-19973
7742-19979
7741-19991
7740-19993
7739-19997
7738-20011
7737-20021
7736-20023
7735-20029
7734-20047
7733-20051
7732-20063
7731-20071
7730-20089
7729-20101
7728-20107
7727-20113
7726-20117
7725-20123
7724-20129
7723-20143
7722-20147
7721-20149
7720-20161
7719-20173
7718-20177
7717-20183
7716-20201
7715-20219
7714-20231
7713-20233
7712-20249
7711-20261
7710-20269
7709-20287
7708-20297
7707-20323
7706-20327
7705-20333
7704-20341
7703-20347
7702-20353
7701-20357
7700-20359
7699-20369
7698-20389
7697-20393
7696-20399
7695-20407
7694-20411
7693-20431
7692-20441
7691-20443
7690-20477
7689-20479
7688-20483
7687-20507
7686-20509
7685-20521
7684-20533
7683-20543
7682-20549
7681-20551
7680-20563
7679-20593
7678-20599
7677-20611
7676-20627
7675-20639
7674-20641
7673-20663
7672-20681
7671-20693
7670-20707
7669-20717
7668-20719
7667-20731
7666-20743
7665-20747
7664-20749
7663-20753
7662-20759
7661-20771
7660-20773
7659-20789
7658-20807
7657-20809
7656-20849
7655-20857
7654-20873
7653-20879
7652-20887
7651-20897
7650-20899
7649-20903
7648-20921
7647-20929
7646-20939
7645-20947
7644-20959
7643-20963
7642-20981
7641-20983
7640-21001
7639-21011
7638-21013
7637-21017
7636-21019
7635-21023
7634-21031
7633-21059
7632-21061
7631-21067
7630-21089
7629-21101
7628-21107
7627-21121
7626-21139
7625-21143
7624-21149
7623-21157
7622-21163
7621-21169
7620-21179
7619-21187
7618-21191
7617-21193
7616-21211
7615-21221
7614-21227
7613-21247
7612-21269
7611-21277
7610-21283
7609-21313
7608-21317
7607-21319
7606-21323
7605-21341
7604-21347
7603-21377
7602-21379
7601-21383
7600-21391
7599-21397
7598-21401
7597-21407
7596-21419
7595-21433
7594-21467
7593-21481
7592-21487
7591-21491
7590-21493
7589-21499
7588-21503
7587-21517
7586-21521
7585-21523
7584-21529
7583-21557
7582-21559
7581-21563
7580-21569
7579-21577
7578-21587
7577-21589
7576-21599
7575-21601
7574-21611
7573-21613
7572-21617
7571-21647
7570-21649
7569-21661
7568-21673
7567-21683
7566-21701
7565-21713
7564-21727
7563-21737
7562-21739
7561-21751
7560-21757
7559-21767
7558-21773
7557-21787
7556-21799
7555-21803
7554-21817
7553-21821
7552-21839
7551-21841
7550-21851
7549-21859
7548-21863
7547-21871
7546-21881
7545-21893
7544-21911
7543-21929
7542-21937
7541-21943
7540-21961
7539-21977
7538-21991
7537-21997
7536-22003
7535-22013
7534-22027
7533-22031
7532-22037
7531-22039
7530-22051
7529-22063
7528-22067
7527-22073
7526-22079
7525-22091
7524-22093
7523-22109
7522-22111
7521-22123
7520-22129
7519-22133
7518-22147
7517-22153
7516-22157
7515-22159
7514-22171
7513-22189
7512-22193
7511-22229
7510-22247
7509-22259
7508-22271
7507-22273
7506-22277
7505-22279
7504-22283
7503-22291
7502-22303
7501-22307
7500-22343
7499-22349
7498-22367
7497-22369
7496-22381
7495-22391
7494-22397
7493-22409
7492-22433
7491-22441
7490-22447
7489-22453
7488-22469
7487-22481
7486-22483
7485-22501
7484-22511
7483-22531
7482-22541
7481-22543
7480-22549
7479-22567
7478-22571
7477-22573
7476-22613
7475-22619
7474-22621
7473-22637
7472-22639
7471-22643
7470-22651
7469-22669
7468-22679
7467-22691
7466-22697
7465-22699
7464-22709
7463-22717
7462-22721
7461-22727
7460-22739
7459-22741
7458-22751
7457-22769
7456-22777
7455-22783
7454-22787
7453-22807
7452-22811
7451-22817
7450-22853
7449-22859
7448-22861
7447-22871
7446-22877
7445-22901
7444-22907
7443-22921
7442-22937
7441-22943
7440-22961
7439-22963
7438-22973
7437-22993
7436-23003
7435-23011
7434-23017
7433-23021
7432-23027
7431-23029
7430-23039
7429-23041
7428-23053
7427-23057
7426-23059
7425-23063
7424-23071
7423-23081
7422-23087
7421-23099
7420-23117
7419-23131
7418-23143
7417-23159
7416-23167
7415-23173
7414-23189
7413-23197
7412-23201
7411-23203
7410-23209
7409-23227
7408-23251
7407-23269
7406-23279
7405-23291
7404-23293
7403-23297
7402-23311
7401-23321
7400-23327
7399-23333
7398-23339
7397-23357
7396-23369
7395-23371
7394-23399
7393-23417
7392-23431
7391-23447
7390-23459
7389-23473
7388-23497
7387-23509
7386-23531
7385-23537
7384-23539
7383-23549
7382-23557
7381-23561
7380-23563
7379-23567
7378-23581
7377-23593
7376-23599
7375-23603
7374-23609
7373-23623
7372-23627
7371-23629
7370-23633
7369-23663
7368-23669
7367-23671
7366-23677
7365-23687
7364-23689
7363-23719
7362-23741
7361-23743
7360-23747
7359-23753
7358-23761
7357-23767
7356-23773
7355-23789
7354-23801
7353-23813
7352-23819
7351-23827
7350-23831
7349-23833
7348-23857
7347-23869
7346-23873
7345-23879
7344-23887
7343-23893
7342-23899
7341-23909
7340-23911
7339-23917
7338-23929
7337-23957
7336-23971
7335-23977
7334-23981
7333-23993
7332-24001
7331-24007
7330-24019
7329-24023
7328-24029
7327-24043
7326-24049
7325-24061
7324-24071
7323-24077
7322-24083
7321-24091
7320-24097
7319-24103
7318-24107
7317-24109
7316-24113
7315-24121
7314-24133
7313-24137
7312-24151
7311-24169
7310-24179
7309-24181
7308-24197
7307-24203
7306-24223
7305-24229
7304-24239
7303-24247
7302-24251
7301-24281
7300-24317
7299-24329
7298-24337
7297-24359
7296-24371
7295-24373
7294-24379
7293-24391
7292-24407
7291-24413
7290-24419
7289-24421
7288-24439
7287-24443
7286-24469
7285-24473
7284-24481
7283-24499
7282-24509
7281-24517
7280-24527
7279-24533
7278-24547
7277-24551
7276-24571
7275-24593
7274-24611
7273-24623
7272-24631
7271-24659
7270-24671
7269-24677
7268-24683
7267-24691
7266-24697
7265-24709
7264-24733
7263-24749
7262-24763
7261-24767
7260-24781
7259-24793
7258-24799
7257-24809
7256-24821
7255-24841
7254-24847
7253-24851
7252-24859
7251-24877
7250-24889
7249-24907
7248-24917
7247-24919
7246-24923
7245-24943
7244-24953
7243-24967
7242-24971
7241-24977
7240-24979
7239-24989
7238-25013
7237-25031
7236-25033
7235-25037
7234-25057
7233-25073
7232-25087
7231-25097
7230-25111
7229-25117
7228-25121
7227-25127
7226-25147
7225-25153
7224-25163
7223-25169
7222-25171
7221-25183
7220-25189
7219-25219
7218-25229
7217-25237
7216-25243
7215-25247
7214-25253
7213-25261
7212-25301
7211-25303
7210-25307
7209-25309
7208-25321
7207-25339
7206-25343
7205-25349
7204-25357
7203-25367
7202-25373
7201-25391
7200-25409
7199-25411
7198-25423
7197-25439
7196-25447
7195-25453
7194-25457
7193-25463
7192-25469
7191-25471
7190-25523
7189-25537
7188-25541
7187-25561
7186-25577
7185-25579
7184-25583
7183-25589
7182-25601
7181-25603
7180-25609
7179-25621
7178-25633
7177-25639
7176-25643
7175-25657
7174-25667
7173-25673
7172-25679
7171-25693
7170-25703
7169-25717
7168-25733
7167-25741
7166-25747
7165-25759
7164-25763
7163-25771
7162-25793
7161-25799
7160-25801
7159-25819
7158-25841
7157-25847
7156-25849
7155-25867
7154-25873
7153-25889
7152-25903
7151-25913
7150-25919
7149-25931
7148-25933
7147-25939
7146-25943
7145-25951
7144-25969
7143-25981
7142-25997
7141-25999
7140-26003
7139-26017
7138-26021
7137-26029
7136-26041
7135-26053
7134-26083
7133-26099
7132-26107
7131-26111
7130-26113
7129-26119
7128-26141
7127-26153
7126-26161
7125-26171
7124-26177
7123-26183
7122-26189
7121-26203
7120-26209
7119-26227
7118-26237
7117-26249
7116-26251
7115-26261
7114-26263
7113-26267
7112-26293
7111-26297
7110-26309
7109-26317
7108-26321
7107-26339
7106-26347
7105-26357
7104-26371
7103-26387
7102-26393
7101-26399
7100-26407
7099-26417
7098-26423
7097-26431
7096-26437
7095-26449
7094-26459
7093-26479
7092-26489
7091-26497
7090-26501
7089-26513
7088-26539
7087-26557
7086-26561
7085-26573
7084-26591
7083-26597
7082-26627
7081-26633
7080-26641
7079-26647
7078-26669
7077-26681
7076-26683
7075-26687
7074-26693
7073-26699
7072-26701
7071-26711
7070-26713
7069-26717
7068-26723
7067-26729
7066-26731
7065-26737
7064-26759
7063-26777
7062-26783
7061-26801
7060-26813
7059-26821
7058-26833
7057-26839
7056-26849
7055-26861
7054-26863
7053-26879
7052-26881
7051-26891
7050-26893
7049-26903
7048-26921
7047-26927
7046-26947
7045-26951
7044-26953
7043-26959
7042-26981
7041-26987
7040-26993
7039-27011
7038-27017
7037-27031
7036-27043
7035-27059
7034-27061
7033-27067
7032-27073
7031-27077
7030-27091
7029-27103
7028-27107
7027-27109
7026-27127
7025-27143
7024-27179
7023-27191
7022-27197
7021-27211
7020-27239
7019-27241
7018-27253
7017-27259
7016-27271
7015-27277
7014-27281
7013-27283
7012-27299
7011-27329
7010-27337
7009-27361
7008-27367
7007-27397
7006-27407
7005-27409
7004-27427
7003-27431
7002-27437
7001-27449
7000-27457
6999-27479
6998-27481
6997-27487
6996-27509
6995-27527
6994-27529
6993-27539
6992-27541
6991-27551
6990-27581
6989-27583
6988-27611
6987-27617
6986-27631
6985-27647
6984-27653
6983-27673
6982-27689
6981-27691
6980-27697
6979-27701
6978-27733
6977-27737
6976-27739
6975-27743
6974-27749
6973-27751
6972-27763
6971-27767
6970-27773
6969-27779
6968-27791
6967-27793
6966-27799
6965-27803
6964-27809
6963-27817
6962-27823
6961-27827
6960-27847
6959-27851
6958-27883
6957-27893
6956-27901
6955-27917
6954-27919
6953-27941
6952-27943
6951-27947
6950-27953
6949-27961
6948-27967
6947-27983
6946-27997
6945-28001
6944-28019
6943-28027
6942-28031
6941-28051
6940-28057
6939-28069
6938-28081
6937-28087
6936-28097
6935-28099
6934-28109
6933-28111
6932-28123
6931-28151
6930-28163
6929-28181
6928-28183
6927-28201
6926-28211
6925-28219
6924-28229
6923-28277
6922-28279
6921-28283
6920-28289
6919-28297
6918-28307
6917-28309
6916-28319
6915-28349
6914-28351
6913-28387
6912-28393
6911-28403
6910-28409
6909-28411
6908-28429
6907-28433
6906-28439
6905-28447
6904-28463
6903-28477
6902-28493
6901-28499
6900-28513
6899-28517
6898-28537
6897-28541
6896-28547
6895-28549
6894-28559
6893-28571
6892-28573
6891-28579
6890-28591
6889-28597
6888-28603
6887-28607
6886-28619
6885-28621
6884-28627
6883-28631
6882-28643
6881-28649
6880-28657
6879-28661
6878-28663
6877-28669
6876-28687
6875-28697
6874-28703
6873-28711
6872-28723
6871-28729
6870-28751
6869-28753
6868-28759
6867-28771
6866-28789
6865-28793
6864-28807
6863-28813
6862-28817
6861-28837
6860-28843
6859-28859
6858-28867
6857-28871
6856-28879
6855-28901
6854-28909
6853-28921
6852-28927
6851-28933
6850-28949
6849-28961
6848-28979
6847-29009
6846-29017
6845-29021
6844-29023
6843-29027
6842-29033
6841-29059
6840-29063
6839-29077
6838-29101
6837-29123
6836-29129
6835-29131
6834-29137
6833-29147
6832-29153
6831-29167
6830-29173
6829-29179
6828-29191
6827-29201
6826-29207
6825-29209
6824-29221
6823-29231
6822-29243
6821-29251
6820-29269
6819-29287
6818-29297
6817-29303
6816-29311
6815-29327
6814-29333
6813-29339
6812-29347
6811-29363
6810-29383
6809-29387
6808-29389
6807-29399
6806-29401
6805-29411
6804-29423
6803-29429
6802-29437
6801-29443
6800-29453
6799-29473
6798-29483
6797-29501
6796-29527
6795-29531
6794-29537
6793-29567
6792-29569
6791-29573
6790-29581
6789-29587
6788-29599
6787-29611
6786-29629
6785-29633
6784-29641
6783-29663
6782-29669
6781-29671
6780-29683
6779-29717
6778-29723
6777-29741
6776-29753
6775-29759
6774-29761
6773-29789
6772-29803
6771-29819
6770-29833
6769-29837
6768-29851
6767-29863
6766-29867
6765-29873
6764-29879
6763-29881
6762-29917
6761-29921
6760-29927
6759-29947
6758-29959
6757-29983
6756-29989
6755-30011
6754-30013
6753-30029
6752-30047
6751-30059
6750-30071
6749-30089
6748-30091
6747-30097
6746-30103
6745-30109
6744-30113
6743-30119
6742-30133
6741-30137
6740-30139
6739-30161
6738-30169
6737-30181
6736-30187
6735-30197
6734-30203
6733-30211
6732-30223
6731-30241
6730-30253
6729-30259
6728-30269
6727-30271
6726-30293
6725-30307
6724-30313
6723-30319
6722-30323
6721-30341
6720-30347
6719-30367
6718-30389
6717-30391
6716-30403
6715-30427
6714-30431
6713-30449
6712-30467
6711-30469
6710-30491
6709-30493
6708-30497
6707-30509
6706-30517
6705-30529
6704-30539
6703-30553
6702-30557
6701-30559
6700-30577
6699-30593
6698-30631
6697-30637
6696-30643
6695-30649
6694-30661
6693-30671
6692-30677
6691-30689
6690-30697
6689-30703
6688-30707
6687-30713
6686-30727
6685-30757
6684-30763
6683-30773
6682-30781
6681-30803
6680-30809
6679-30817
6678-30829
6677-30839
6676-30841
6675-30851
6674-30853
6673-30859
6672-30869
6671-30871
6670-30881
6669-30893
6668-30911
6667-30931
6666-30937
6665-30941
6664-30949
6663-30971
6662-30977
6661-30983
6660-31013
6659-31019
6658-31033
6657-31039
6656-31051
6655-31063
6654-31069
6653-31079
6652-31081
6651-31091
6650-31121
6649-31123
6648-31139
6647-31147
6646-31151
6645-31153
6644-31159
6643-31177
6642-31181
6641-31183
6640-31189
6639-31193
6638-31219
6637-31223
6636-31231
6635-31237
6634-31247
6633-31249
6632-31253
6631-31259
6630-31267
6629-31271
6628-31277
6627-31307
6626-31319
6625-31321
6624-31327
6623-31333
6622-31337
6621-31357
6620-31379
6619-31387
6618-31391
6617-31393
6616-31397
6615-31469
6614-31477
6613-31481
6612-31489
6611-31511
6610-31513
6609-31517
6608-31531
6607-31541
6606-31543
6605-31547
6604-31567
6603-31573
6602-31583
6601-31601
6600-31607
6599-31627
6598-31643
6597-31649
6596-31657
6595-31663
6594-31667
6593-31687
6592-31699
6591-31721
6590-31723
6589-31727
6588-31729
6587-31741
6586-31751
6585-31769
6584-31771
6583-31793
6582-31799
6581-31817
6580-31847
6579-31849
6578-31859
6577-31873
6576-31883
6575-31891
6574-31907
6573-31957
6572-31963
6571-31973
6570-31981
6569-31991
6568-32003
6567-32009
6566-32027
6565-32029
6564-32051
6563-32057
6562-32059
6561-32063
6560-32069
6559-32077
6558-32083
6557-32089
6556-32099
6555-32117
6554-32119
6553-32141
6552-32143
6551-32159
6550-32173
6549-32183
6548-32189
6547-32191
6546-32203
6545-32213
6544-32233
6543-32237
6542-32251
6541-32257
6540-32261
6539-32297
6538-32299
6537-32303
6536-32309
6535-32321
6534-32323
6533-32327
6532-32341
6531-32353
6530-32359
6529-32363
6528-32369
6527-32371
6526-32377
6525-32381
6524-32401
6523-32411
6522-32413
6521-32423
6520-32429
6519-32441
6518-32443
6517-32467
6516-32479
6515-32491
6514-32497
6513-32503
6512-32507
6511-32531
6510-32533
6509-32537
6508-32561
6507-32563
6506-32569
6505-32573
6504-32579
6503-32587
6502-32603
6501-32609
6500-32611
6499-32621
6498-32633
6497-32647
6496-32653
6495-32687
6494-32693
6493-32707
6492-32713
6491-32717
6490-32719
6489-32749
6488-32771
6487-32779
6486-32783
6485-32789
6484-32797
6483-32801
6482-32803
6481-32831
6480-32833
6479-32839
6478-32843
6477-32869
6476-32887
6475-32909
6474-32911
6473-32917
6472-32933
6471-32939
6470-32941
6469-32957
6468-32969
6467-32971
6466-32983
6465-32987
6464-32993
6463-32999
6462-33013
6461-33023
6460-33029
6459-33037
6458-33049
6457-33053
6456-33071
6455-33073
6454-33083
6453-33091
6452-33107
6451-33113
6450-33119
6449-33149
6448-33151
6447-33161
6446-33179
6445-33181
6444-33191
6443-33199
6442-33203
6441-33211
6440-33223
6439-33247
6438-33287
6437-33289
6436-33301
6435-33311
6434-33317
6433-33329
6432-33331
6431-33343
6430-33347
6429-33349
6428-33353
6427-33359
6426-33377
6425-33391
6424-33403
6423-33409
6422-33413
6421-33427
6420-33457
6419-33461
6418-33469
6417-33479
6416-33487
6415-33493
6414-33503
6413-33521
6412-33529
6411-33533
6410-33547
6409-33563
6408-33569
6407-33577
6406-33581
6405-33587
6404-33589
6403-33599
6402-33601
6401-33613
6400-33617
6399-33619
6398-33623
6397-33629
6396-33637
6395-33641
6394-33647
6393-33679
6392-33703
6391-33713
6390-33721
6389-33739
6388-33749
6387-33751
6386-33757
6385-33767
6384-33769
6383-33773
6382-33791
6381-33797
6380-33809
6379-33811
6378-33827
6377-33829
6376-33851
6375-33857
6374-33863
6373-33871
6372-33889
6371-33893
6370-33911
6369-33923
6368-33931
6367-33937
6366-33941
6365-33961
6364-33967
6363-33997
6362-34019
6361-34031
6360-34033
6359-34039
6358-34057
6357-34061
6356-34123
6355-34127
6354-34129
6353-34141
6352-34147
6351-34157
6350-34159
6349-34171
6348-34183
6347-34211
6346-34213
6345-34217
6344-34231
6343-34253
6342-34259
6341-34261
6340-34267
6339-34273
6338-34283
6337-34297
6336-34301
6335-34303
6334-34313
6333-34319
6332-34327
6331-34337
6330-34351
6329-34361
6328-34367
6327-34369
6326-34381
6325-34403
6324-34421
6323-34429
6322-34439
6321-34457
6320-34469
6319-34471
6318-34483
6317-34487
6316-34499
6315-34501
6314-34511
6313-34513
6312-34519
6311-34537
6310-34543
6309-34549
6308-34583
6307-34589
6306-34591
6305-34603
6304-34607
6303-34613
6302-34631
6301-34649
6300-34651
6299-34667
6298-34673
6297-34679
6296-34687
6295-34693
6294-34703
6293-34721
6292-34729
6291-34739
6290-34747
6289-34757
6288-34759
6287-34763
6286-34781
6285-34807
6284-34819
6283-34841
6282-34843
6281-34847
6280-34849
6279-34871
6278-34877
6277-34883
6276-34897
6275-34913
6274-34919
6273-34939
6272-34949
6271-34961
6270-34963
6269-34981
6268-35023
6267-35027
6266-35051
6265-35053
6264-35059
6263-35069
6262-35081
6261-35083
6260-35089
6259-35099
6258-35107
6257-35111
6256-35117
6255-35129
6254-35141
6253-35149
6252-35153
6251-35159
6250-35171
6249-35201
6248-35221
6247-35227
6246-35251
6245-35257
6244-35267
6243-35279
6242-35281
6241-35291
6240-35311
6239-35317
6238-35323
6237-35327
6236-35339
6235-35353
6234-35363
6233-35381
6232-35393
6231-35401
6230-35407
6229-35419
6228-35423
6227-35437
6226-35447
6225-35449
6224-35461
6223-35491
6222-35507
6221-35509
6220-35521
6219-35527
6218-35531
6217-35533
6216-35537
6215-35543
6214-35569
6213-35573
6212-35591
6211-35593
6210-35597
6209-35603
6208-35617
6207-35671
6206-35677
6205-35729
6204-35731
6203-35747
6202-35753
6201-35759
6200-35771
6199-35797
6198-35801
6197-35803
6196-35809
6195-35831
6194-35837
6193-35839
6192-35851
6191-35863
6190-35869
6189-35879
6188-35897
6187-35899
6186-35911
6185-35923
6184-35933
6183-35951
6182-35963
6181-35969
6180-35977
6179-35983
6178-35993
6177-35999
6176-36007
6175-36011
6174-36013
6173-36017
6172-36037
6171-36061
6170-36067
6169-36073
6168-36083
6167-36097
6166-36107
6165-36109
6164-36131
6163-36137
6162-36151
6161-36161
6160-36187
6159-36191
6158-36209
6157-36217
6156-36229
6155-36241
6154-36251
6153-36263
6152-36269
6151-36277
6150-36293
6149-36299
6148-36307
6147-36313
6146-36319
6145-36341
6144-36343
6143-36353
6142-36373
6141-36383
6140-36389
6139-36433
6138-36451
6137-36457
6136-36467
6135-36469
6134-36473
6133-36479
6132-36493
6131-36497
6130-36523
6129-36527
6128-36529
6127-36541
6126-36551
6125-36559
6124-36563
6123-36571
6122-36583
6121-36587
6120-36599
6119-36607
6118-36629
6117-36637
6116-36643
6115-36653
6114-36671
6113-36677
6112-36683
6111-36691
6110-36697
6109-36709
6108-36713
6107-36721
6106-36739
6105-36749
6104-36761
6103-36767
6102-36779
6101-36781
6100-36787
6099-36791
6098-36793
6097-36809
6096-36821
6095-36833
6094-36847
6093-36857
6092-36871
6091-36877
6090-36887
6089-36899
6088-36901
6087-36913
6086-36919
6085-36923
6084-36929
6083-36931
6082-36943
6081-36947
6080-36973
6079-36979
6078-36997
6077-37003
6076-37013
6075-37019
6074-37021
6073-37039
6072-37049
6071-37057
6070-37061
6069-37087
6068-37097
6067-37117
6066-37123
6065-37139
6064-37159
6063-37171
6062-37181
6061-37189
6060-37199
6059-37201
6058-37217
6057-37223
6056-37243
6055-37253
6054-37273
6053-37277
6052-37307
6051-37309
6050-37313
6049-37321
6048-37337
6047-37339
6046-37357
6045-37361
6044-37363
6043-37369
6042-37379
6041-37397
6040-37409
6039-37423
6038-37441
6037-37447
6036-37463
6035-37483
6034-37489
6033-37493
6032-37501
6031-37507
6030-37511
6029-37517
6028-37529
6027-37537
6026-37547
6025-37549
6024-37561
6023-37567
6022-37571
6021-37573
6020-37579
6019-37589
6018-37591
6017-37607
6016-37619
6015-37633
6014-37643
6013-37649
6012-37657
6011-37663
6010-37691
6009-37693
6008-37699
6007-37717
6006-37747
6005-37781
6004-37783
6003-37799
6002-37811
6001-37813
6000-37831
5999-37847
5998-37853
5997-37861
5996-37871
5995-37879
5994-37889
5993-37897
5992-37907
5991-37951
5990-37957
5989-37963
5988-37967
5987-37987
5986-37991
5985-37993
5984-37997
5983-38011
5982-38039
5981-38047
5980-38053
5979-38069
5978-38083
5977-38113
5976-38119
5975-38149
5974-38153
5973-38167
5972-38177
5971-38183
5970-38189
5969-38197
5968-38201
5967-38219
5966-38231
5965-38237
5964-38239
5963-38261
5962-38273
5961-38281
5960-38287
5959-38299
5958-38303
5957-38317
5956-38321
5955-38327
5954-38329
5953-38333
5952-38351
5951-38371
5950-38377
5949-38393
5948-38431
5947-38447
5946-38449
5945-38453
5944-38459
5943-38461
5942-38501
5941-38543
5940-38557
5939-38561
5938-38567
5937-38569
5936-38593
5935-38603
5934-38609
5933-38611
5932-38629
5931-38639
5930-38651
5929-38653
5928-38669
5927-38671
5926-38677
5925-38693
5924-38699
5923-38707
5922-38711
5921-38713
5920-38723
5919-38729
5918-38737
5917-38747
5916-38749
5915-38767
5914-38783
5913-38791
5912-38803
5911-38821
5910-38833
5909-38839
5908-38851
5907-38861
5906-38867
5905-38873
5904-38891
5903-38903
5902-38917
5901-38921
5900-38923
5899-38933
5898-38953
5897-38959
5896-38971
5895-38977
5894-38993
5893-39019
5892-39023
5891-39041
5890-39043
5889-39047
5888-39079
5887-39089
5886-39097
5885-39103
5884-39107
5883-39113
5882-39119
5881-39133
5880-39139
5879-39157
5878-39161
5877-39163
5876-39181
5875-39191
5874-39199
5873-39209
5872-39217
5871-39227
5870-39229
5869-39233
5868-39239
5867-39241
5866-39251
5865-39293
5864-39301
5863-39313
5862-39317
5861-39323
5860-39341
5859-39343
5858-39359
5857-39367
5856-39371
5855-39373
5854-39383
5853-39397
5852-39409
5851-39419
5850-39439
5849-39443
5848-39451
5847-39461
5846-39499
5845-39503
5844-39509
5843-39511
5842-39521
5841-39541
5840-39551
5839-39563
5838-39569
5837-39581
5836-39607
5835-39619
5834-39623
5833-39631
5832-39659
5831-39667
5830-39671
5829-39679
5828-39703
5827-39709
5826-39719
5825-39727
5824-39733
5823-39749
5822-39761
5821-39769
5820-39779
5819-39791
5818-39799
5817-39821
5816-39827
5815-39829
5814-39839
5813-39841
5812-39847
5811-39857
5810-39863
5809-39869
5808-39877
5807-39883
5806-39887
5805-39901
5804-39929
5803-39937
5802-39953
5801-39971
5800-39979
5799-39983
5798-39989
5797-40009
5796-40013
5795-40031
5794-40037
5793-40039
5792-40063
5791-40087
5790-40093
5789-40099
5788-40111
5787-40123
5786-40127
5785-40129
5784-40151
5783-40153
5782-40163
5781-40169
5780-40177
5779-40189
5778-40193
5777-40213
5776-40231
5775-40237
5774-40241
5773-40253
5772-40277
5771-40283
5770-40289
5769-40343
5768-40351
5767-40357
5766-40361
5765-40387
5764-40423
5763-40427
5762-40429
5761-40433
5760-40459
5759-40471
5758-40483
5757-40487
5756-40493
5755-40499
5754-40507
5753-40519
5752-40529
5751-40531
5750-40543
5749-40559
5748-40577
5747-40583
5746-40591
5745-40597
5744-40609
5743-40627
5742-40637
5741-40639
5740-40693
5739-40697
5738-40699
5737-40709
5736-40739
5735-40751
5734-40759
5733-40763
5732-40771
5731-40787
5730-40801
5729-40813
5728-40819
5727-40823
5726-40829
5725-40841
5724-40847
5723-40849
5722-40853
5721-40867
5720-40879
5719-40883
5718-40897
5717-40903
5716-40927
5715-40933
5714-40939
5713-40949
5712-40961
5711-40973
5710-40993
5709-41011
5708-41017
5707-41023
5706-41039
5705-41047
5704-41051
5703-41057
5702-41077
5701-41081
5700-41113
5699-41117
5698-41131
5697-41141
5696-41143
5695-41149
5694-41161
5693-41177
5692-41179
5691-41183
5690-41189
5689-41201
5688-41203
5687-41213
5686-41221
5685-41227
5684-41231
5683-41233
5682-41243
5681-41257
5680-41263
5679-41269
5678-41281
5677-41299
5676-41333
5675-41341
5674-41351
5673-41357
5672-41381
5671-41387
5670-41389
5669-41399
5668-41411
5667-41413
5666-41443
5665-41453
5664-41467
5663-41479
5662-41491
5661-41507
5660-41513
5659-41519
5658-41521
5657-41539
5656-41543
5655-41549
5654-41579
5653-41593
5652-41597
5651-41603
5650-41609
5649-41611
5648-41617
5647-41621
5646-41627
5645-41641
5644-41647
5643-41651
5642-41659
5641-41669
5640-41681
5639-41687
5638-41719
5637-41729
5636-41737
5635-41759
5634-41761
5633-41771
5632-41777
5631-41801
5630-41809
5629-41813
5628-41843
5627-41849
5626-41851
5625-41863
5624-41879
5623-41887
5622-41893
5621-41897
5620-41903
5619-41911
5618-41927
5617-41941
5616-41947
5615-41953
5614-41957
5613-41959
5612-41969
5611-41981
5610-41983
5609-41999
5608-42013
5607-42017
5606-42019
5605-42023
5604-42043
5603-42061
5602-42071
5601-42073
5600-42083
5599-42089
5598-42101
5597-42131
5596-42139
5595-42157
5594-42169
5593-42179
5592-42181
5591-42187
5590-42193
5589-42197
5588-42209
5587-42221
5586-42223
5585-42227
5584-42239
5583-42257
5582-42281
5581-42283
5580-42293
5579-42299
5578-42307
5577-42323
5576-42331
5575-42337
5574-42349
5573-42359
5572-42373
5571-42379
5570-42391
5569-42397
5568-42403
5567-42407
5566-42409
5565-42433
5564-42437
5563-42443
5562-42451
5561-42457
5560-42461
5559-42463
5558-42467
5557-42473
5556-42487
5555-42491
5554-42499
5553-42509
5552-42533
5551-42557
5550-42569
5549-42571
5548-42577
5547-42589
5546-42611
5545-42641
5544-42643
5543-42649
5542-42667
5541-42677
5540-42683
5539-42689
5538-42697
5537-42701
5536-42703
5535-42709
5534-42719
5533-42727
5532-42737
5531-42743
5530-42751
5529-42767
5528-42773
5527-42787
5526-42793
5525-42797
5524-42821
5523-42829
5522-42839
5521-42841
5520-42853
5519-42859
5518-42863
5517-42899
5516-42901
5515-42923
5514-42929
5513-42937
5512-42943
5511-42953
5510-42961
5509-42967
5508-42979
5507-42989
5506-43003
5505-43013
5504-43019
5503-43037
5502-43049
5501-43051
5500-43063
5499-43067
5498-43093
5497-43103
5496-43117
5495-43133
5494-43151
5493-43159
5492-43177
5491-43189
5490-43201
5489-43207
5488-43223
5487-43237
5486-43261
5485-43271
5484-43283
5483-43291
5482-43313
5481-43319
5480-43321
5479-43331
5478-43391
5477-43397
5476-43399
5475-43403
5474-43411
5473-43427
5472-43441
5471-43451
5470-43457
5469-43481
5468-43487
5467-43499
5466-43517
5465-43541
5464-43543
5463-43573
5462-43577
5461-43579
5460-43591
5459-43597
5458-43607
5457-43609
5456-43613
5455-43627
5454-43633
5453-43649
5452-43651
5451-43661
5450-43669
5449-43691
5448-43711
5447-43717
5446-43721
5445-43753
5444-43759
5443-43777
5442-43781
5441-43783
5440-43787
5439-43789
5438-43793
5437-43801
5436-43853
5435-43867
5434-43889
5433-43891
5432-43913
5431-43933
5430-43943
5429-43951
5428-43961
5427-43963
5426-43969
5425-43973
5424-43987
5423-43991
5422-43997
5421-44017
5420-44021
5419-44027
5418-44029
5417-44041
5416-44053
5415-44059
5414-44071
5413-44087
5412-44089
5411-44101
5410-44111
5409-44119
5408-44123
5407-44129
5406-44131
5405-44159
5404-44171
5403-44179
5402-44189
5401-44201
5400-44203
5399-44207
5398-44221
5397-44249
5396-44257
5395-44263
5394-44267
5393-44269
5392-44273
5391-44279
5390-44281
5389-44293
5388-44351
5387-44357
5386-44371
5385-44381
5384-44383
5383-44389
5382-44417
5381-44449
5380-44453
5379-44483
5378-44491
5377-44497
5376-44501
5375-44507
5374-44519
5373-44531
5372-44533
5371-44537
5370-44543
5369-44549
5368-44563
5367-44579
5366-44587
5365-44617
5364-44621
5363-44623
5362-44633
5361-44641
5360-44647
5359-44651
5358-44657
5357-44683
5356-44687
5355-44699
5354-44701
5353-44711
5352-44729
5351-44741
5350-44753
5349-44771
5348-44773
5347-44777
5346-44789
5345-44797
5344-44809
5343-44819
5342-44839
5341-44843
5340-44851
5339-44867
5338-44879
5337-44887
5336-44893
5335-44909
5334-44917
5333-44927
5332-44939
5331-44953
5330-44959
5329-44963
5328-44971
5327-44983
5326-44987
5325-45007
5324-45013
5323-45053
5322-45061
5321-45077
5320-45083
5319-45119
5318-45121
5317-45127
5316-45131
5315-45137
5314-45139
5313-45161
5312-45179
5311-45181
5310-45191
5309-45197
5308-45233
5307-45247
5306-45259
5305-45263
5304-45281
5303-45289
5302-45293
5301-45307
5300-45317
5299-45319
5298-45329
5297-45337
5296-45341
5295-45343
5294-45361
5293-45377
5292-45389
5291-45403
5290-45413
5289-45427
5288-45433
5287-45439
5286-45481
5285-45491
5284-45497
5283-45503
5282-45523
5281-45533
5280-45541
5279-45553
5278-45557
5277-45569
5276-45587
5275-45589
5274-45599
5273-45613
5272-45631
5271-45641
5270-45659
5269-45667
5268-45673
5267-45677
5266-45691
5265-45697
5264-45707
5263-45737
5262-45751
5261-45757
5260-45763
5259-45767
5258-45779
5257-45817
5256-45821
5255-45823
5254-45827
5253-45833
5252-45841
5251-45853
5250-45863
5249-45869
5248-45887
5247-45893
5246-45943
5245-45949
5244-45953
5243-45959
5242-45971
5241-45979
5240-45989
5239-46021
5238-46027
5237-46049
5236-46051
5235-46061
5234-46073
5233-46091
5232-46093
5231-46099
5230-46103
5229-46133
5228-46141
5227-46147
5226-46153
5225-46171
5224-46181
5223-46183
5222-46187
5221-46199
5220-46219
5219-46229
5218-46237
5217-46261
5216-46271
5215-46273
5214-46279
5213-46301
5212-46307
5211-46309
5210-46327
5209-46337
5208-46349
5207-46351
5206-46381
5205-46399
5204-46411
5203-46439
5202-46441
5201-46447
5200-46451
5199-46457
5198-46471
5197-46477
5196-46489
5195-46499
5194-46507
5193-46511
5192-46523
5191-46549
5190-46559
5189-46567
5188-46573
5187-46589
5186-46591
5185-46601
5184-46619
5183-46633
5182-46639
5181-46643
5180-46649
5179-46663
5178-46679
5177-46681
5176-46687
5175-46691
5174-46703
5173-46723
5172-46727
5171-46747
5170-46751
5169-46757
5168-46769
5167-46771
5166-46807
5165-46811
5164-46817
5163-46819
5162-46829
5161-46831
5160-46853
5159-46861
5158-46867
5157-46877
5156-46889
5155-46901
5154-46919
5153-46933
5152-46957
5151-46993
5150-46997
5149-47017
5148-47041
5147-47051
5146-47057
5145-47059
5144-47087
5143-47093
5142-47111
5141-47119
5140-47123
5139-47129
5138-47137
5137-47143
5136-47147
5135-47149
5134-47161
5133-47189
5132-47207
5131-47221
5130-47237
5129-47251
5128-47269
5127-47279
5126-47287
5125-47293
5124-47297
5123-47303
5122-47309
5121-47317
5120-47339
5119-47351
5118-47353
5117-47363
5116-47381
5115-47387
5114-47389
5113-47407
5112-47417
5111-47419
5110-47431
5109-47441
5108-47459
5107-47491
5106-47497
5105-47501
5104-47507
5103-47513
5102-47521
5101-47527
5100-47533
5099-47543
5098-47563
5097-47569
5096-47581
5095-47591
5094-47599
5093-47609
5092-47623
5091-47629
5090-47639
5089-47653
5088-47657
5087-47659
5086-47681
5085-47699
5084-47701
5083-47711
5082-47713
5081-47717
5080-47737
5079-47741
5078-47743
5077-47777
5076-47779
5075-47791
5074-47797
5073-47807
5072-47809
5071-47819
5070-47837
5069-47843
5068-47857
5067-47869
5066-47881
5065-47903
5064-47911
5063-47917
5062-47933
5061-47939
5060-47947
5059-47951
5058-47963
5057-47969
5056-47977
5055-47981
5054-48017
5053-48023
5052-48029
5051-48049
5050-48073
5049-48079
5048-48091
5047-48109
5046-48119
5045-48121
5044-48131
5043-48157
5042-48163
5041-48179
5040-48187
5039-48193
5038-48197
5037-48221
5036-48239
5035-48247
5034-48259
5033-48271
5032-48281
5031-48299
5030-48311
5029-48313
5028-48337
5027-48341
5026-48353
5025-48371
5024-48383
5023-48397
5022-48407
5021-48409
5020-48413
5019-48437
5018-48449
5017-48463
5016-48473
5015-48479
5014-48481
5013-48487
5012-48491
5011-48497
5010-48523
5009-48527
5008-48533
5007-48539
5006-48541
5005-48563
5004-48571
5003-48589
5002-48593
5001-48611
5000-48619
4999-48623
4998-48647
4997-48649
4996-48661
4995-48673
4994-48677
4993-48679
4992-48731
4991-48733
4990-48751
4989-48757
4988-48761
4987-48767
4986-48779
4985-48781
4984-48787
4983-48799
4982-48809
4981-48817
4980-48821
4979-48823
4978-48847
4977-48857
4976-48859
4975-48869
4974-48871
4973-48883
4972-48889
4971-48907
4970-48947
4969-48953
4968-48973
4967-48989
4966-48991
4965-49003
4964-49009
4963-49019
4962-49031
4961-49033
4960-49037
4959-49043
4958-49057
4957-49069
4956-49081
4955-49103
4954-49109
4953-49117
4952-49121
4951-49123
4950-49139
4949-49157
4948-49169
4947-49171
4946-49177
4945-49193
4944-49199
4943-49201
4942-49207
4941-49211
4940-49223
4939-49253
4938-49261
4937-49277
4936-49279
4935-49297
4934-49307
4933-49331
4932-49333
4931-49339
4930-49363
4929-49367
4928-49369
4927-49391
4926-49393
4925-49409
4924-49411
4923-49417
4922-49429
4921-49433
4920-49451
4919-49459
4918-49463
4917-49477
4916-49481
4915-49499
4914-49523
4913-49529
4912-49531
4911-49537
4910-49547
4909-49549
4908-49559
4907-49597
4906-49603
4905-49613
4904-49627
4903-49633
4902-49639
4901-49663
4900-49667
4899-49669
4898-49681
4897-49697
4896-49711
4895-49727
4894-49739
4893-49741
4892-49747
4891-49757
4890-49783
4889-49787
4888-49789
4887-49801
4886-49807
4885-49811
4884-49823
4883-49831
4882-49843
4881-49853
4880-49871
4879-49877
4878-49891
4877-49919
4876-49921
4875-49927
4874-49937
4873-49939
4872-49943
4871-49957
4870-49991
4869-49993
4868-49999
4867-50021
4866-50023
4865-50033
4864-50047
4863-50051
4862-50053
4861-50069
4860-50077
4859-50087
4858-50093
4857-50101
4856-50111
4855-50119
4854-50123
4853-50129
4852-50131
4851-50147
4850-50153
4849-50159
4848-50177
4847-50207
4846-50221
4845-50227
4844-50231
4843-50261
4842-50263
4841-50273
4840-50287
4839-50291
4838-50311
4837-50321
4836-50329
4835-50333
4834-50341
4833-50359
4832-50363
4831-50377
4830-50383
4829-50387
4828-50411
4827-50417
4826-50423
4825-50441
4824-50459
4823-50461
4822-50497
4821-50503
4820-50513
4819-50527
4818-50539
4817-50543
4816-50549
4815-50551
4814-50581
4813-50587
4812-50591
4811-50593
4810-50599
4809-50627
4808-50647
4807-50651
4806-50671
4805-50683
4804-50707
4803-50723
4802-50741
4801-50753
4800-50767
4799-50773
4798-50777
4797-50789
4796-50821
4795-50833
4794-50839
4793-50849
4792-50857
4791-50867
4790-50873
4789-50891
4788-50893
4787-50909
4786-50923
4785-50929
4784-50951
4783-50957
4782-50969
4781-50971
4780-50989
4779-50993
4778-51001
4777-51031
4776-51043
4775-51047
4774-51059
4773-51061
4772-51071
4771-51109
4770-51131
4769-51133
4768-51137
4767-51151
4766-51157
4765-51169
4764-51193
4763-51197
4762-51199
4761-51203
4760-51217
4759-51229
4758-51239
4757-51241
4756-51257
4755-51263
4754-51283
4753-51287
4752-51307
4751-51329
4750-51341
4749-51343
4748-51347
4747-51349
4746-51361
4745-51383
4744-51407
4743-51413
4742-51419
4741-51421
4740-51427
4739-51431
4738-51437
4737-51439
4736-51449
4735-51461
4734-51473
4733-51479
4732-51481
4731-51487
4730-51503
4729-51511
4728-51517
4727-51521
4726-51539
4725-51551
4724-51563
4723-51577
4722-51581
4721-51593
4720-51599
4719-51607
4718-51613
4717-51631
4716-51637
4715-51647
4714-51659
4713-51673
4712-51679
4711-51683
4710-51691
4709-51713
4708-51719
4707-51721
4706-51749
4705-51767
4704-51769
4703-51787
4702-51797
4701-51803
4700-51817
4699-51827
4698-51829
4697-51839
4696-51853
4695-51859
4694-51869
4693-51871
4692-51893
4691-51899
4690-51907
4689-51913
4688-51929
4687-51941
4686-51949
4685-51971
4684-51973
4683-51977
4682-51991
4681-52009
4680-52021
4679-52027
4678-52051
4677-52057
4676-52067
4675-52069
4674-52081
4673-52103
4672-52121
4671-52127
4670-52147
4669-52153
4668-52163
4667-52177
4666-52181
4665-52183
4664-52189
4663-52201
4662-52223
4661-52237
4660-52249
4659-52253
4658-52259
4657-52267
4656-52289
4655-52291
4654-52301
4653-52313
4652-52321
4651-52361
4650-52363
4649-52369
4648-52379
4647-52387
4646-52391
4645-52433
4644-52453
4643-52457
4642-52489
4641-52501
4640-52511
4639-52517
4638-52529
4637-52541
4636-52543
4635-52553
4634-52561
4633-52567
4632-52571
4631-52579
4630-52583
4629-52609
4628-52627
4627-52631
4626-52639
4625-52667
4624-52673
4623-52691
4622-52697
4621-52709
4620-52711
4619-52721
4618-52727
4617-52733
4616-52747
4615-52757
4614-52769
4613-52783
4612-52807
4611-52813
4610-52817
4609-52837
4608-52859
4607-52861
4606-52879
4605-52883
4604-52889
4603-52901
4602-52903
4601-52919
4600-52937
4599-52951
4598-52957
4597-52963
4596-52967
4595-52973
4594-52981
4593-52999
4592-53003
4591-53017
4590-53047
4589-53051
4588-53069
4587-53077
4586-53087
4585-53089
4584-53093
4583-53101
4582-53113
4581-53117
4580-53129
4579-53147
4578-53149
4577-53161
4576-53171
4575-53173
4574-53189
4573-53197
4572-53201
4571-53231
4570-53233
4569-53239
4568-53267
4567-53269
4566-53279
4565-53281
4564-53299
4563-53309
4562-53323
4561-53327
4560-53353
4559-53359
4558-53377
4557-53381
4556-53401
4555-53407
4554-53411
4553-53419
4552-53437
4551-53441
4550-53453
4549-53479
4548-53503
4547-53507
4546-53527
4545-53549
4544-53551
4543-53569
4542-53591
4541-53593
4540-53597
4539-53609
4538-53611
4537-53617
4536-53623
4535-53629
4534-53633
4533-53639
4532-53653
4531-53657
4530-53681
4529-53693
4528-53699
4527-53717
4526-53719
4525-53731
4524-53759
4523-53773
4522-53777
4521-53783
4520-53791
4519-53813
4518-53819
4517-53831
4516-53849
4515-53857
4514-53861
4513-53881
4512-53887
4511-53891
4510-53897
4509-53899
4508-53917
4507-53923
4506-53927
4505-53939
4504-53951
4503-53959
4502-53987
4501-53993
4500-54001
4499-54011
4498-54013
4497-54037
4496-54049
4495-54059
4494-54083
4493-54091
4492-54101
4491-54121
4490-54133
4489-54139
4488-54151
4487-54163
4486-54167
4485-54181
4484-54193
4483-54217
4482-54251
4481-54269
4480-54277
4479-54287
4478-54293
4477-54311
4476-54319
4475-54323
4474-54331
4473-54347
4472-54361
4471-54367
4470-54371
4469-54377
4468-54401
4467-54403
4466-54409
4465-54413
4464-54419
4463-54421
4462-54437
4461-54443
4460-54449
4459-54469
4458-54493
4457-54497
4456-54499
4455-54503
4454-54517
4453-54521
4452-54539
4451-54541
4450-54547
4449-54559
4448-54563
4447-54577
4446-54581
4445-54583
4444-54601
4443-54617
4442-54623
4441-54629
4440-54631
4439-54647
4438-54667
4437-54673
4436-54679
4435-54709
4434-54713
4433-54721
4432-54727
4431-54751
4430-54767
4429-54773
4428-54779
4427-54787
4426-54799
4425-54829
4424-54833
4423-54851
4422-54869
4421-54877
4420-54881
4419-54907
4418-54917
4417-54919
4416-54941
4415-54949
4414-54959
4413-54973
4412-54979
4411-54983
4410-55001
4409-55009
4408-55021
4407-55049
4406-55051
4405-55057
4404-55061
4403-55073
4402-55079
4401-55103
4400-55109
4399-55117
4398-55127
4397-55147
4396-55163
4395-55171
4394-55201
4393-55207
4392-55213
4391-55217
4390-55219
4389-55229
4388-55243
4387-55249
4386-55259
4385-55291
4384-55313
4383-55331
4382-55333
4381-55337
4380-55339
4379-55343
4378-55351
4377-55373
4376-55381
4375-55399
4374-55411
4373-55439
4372-55441
4371-55457
4370-55469
4369-55487
4368-55501
4367-55511
4366-55529
4365-55541
4364-55547
4363-55579
4362-55589
4361-55603
4360-55609
4359-55619
4358-55621
4357-55631
4356-55633
4355-55639
4354-55661
4353-55663
4352-55667
4351-55673
4350-55681
4349-55691
4348-55697
4347-55711
4346-55717
4345-55721
4344-55733
4343-55763
4342-55787
4341-55793
4340-55799
4339-55807
4338-55813
4337-55817
4336-55819
4335-55823
4334-55829
4333-55837
4332-55843
4331-55849
4330-55871
4329-55889
4328-55897
4327-55901
4326-55903
4325-55921
4324-55927
4323-55931
4322-55933
4321-55949
4320-55967
4319-55987
4318-55997
4317-56003
4316-56009
4315-56039
4314-56041
4313-56053
4312-56081
4311-56087
4310-56093
4309-56099
4308-56101
4307-56113
4306-56123
4305-56131
4304-56149
4303-56167
4302-56171
4301-56179
4300-56197
4299-56207
4298-56209
4297-56237
4296-56239
4295-56249
4294-56263
4293-56267
4292-56269
4291-56299
4290-56311
4289-56333
4288-56359
4287-56369
4286-56377
4285-56383
4284-56393
4283-56401
4282-56417
4281-56431
4280-56437
4279-56443
4278-56453
4277-56467
4276-56473
4275-56477
4274-56479
4273-56489
4272-56501
4271-56503
4270-56509
4269-56519
4268-56527
4267-56531
4266-56533
4265-56543
4264-56569
4263-56591
4262-56597
4261-56599
4260-56611
4259-56629
4258-56633
4257-56659
4256-56663
4255-56671
4254-56681
4253-56687
4252-56701
4251-56711
4250-56713
4249-56731
4248-56737
4247-56747
4246-56767
4245-56773
4244-56779
4243-56783
4242-56807
4241-56809
4240-56813
4239-56821
4238-56827
4237-56843
4236-56857
4235-56873
4234-56891
4233-56893
4232-56897
4231-56909
4230-56911
4229-56921
4228-56923
4227-56929
4226-56941
4225-56951
4224-56957
4223-56963
4222-56983
4221-56989
4220-56993
4219-56999
4218-57037
4217-57041
4216-57047
4215-57059
4214-57073
4213-57077
4212-57089
4211-57097
4210-57107
4209-57119
4208-57131
4207-57139
4206-57143
4205-57149
4204-57163
4203-57173
4202-57179
4201-57191
4200-57193
4199-57203
4198-57221
4197-57223
4196-57241
4195-57251
4194-57259
4193-57269
4192-57271
4191-57283
4190-57287
4189-57301
4188-57329
4187-57331
4186-57347
4185-57349
4184-57367
4183-57373
4182-57383
4181-57389
4180-57397
4179-57413
4178-57427
4177-57457
4176-57467
4175-57487
4174-57493
4173-57503
4172-57527
4171-57529
4170-57557
4169-57559
4168-57571
4167-57587
4166-57593
4165-57601
4164-57637
4163-57641
4162-57649
4161-57653
4160-57667
4159-57679
4158-57689
4157-57697
4156-57709
4155-57713
4154-57719
4153-57727
4152-57731
4151-57737
4150-57751
4149-57773
4148-57781
4147-57787
4146-57791
4145-57793
4144-57803
4143-57809
4142-57829
4141-57839
4140-57847
4139-57853
4138-57859
4137-57881
4136-57899
4135-57901
4134-57917
4133-57923
4132-57943
4131-57947
4130-57973
4129-57977
4128-57991
4127-58013
4126-58027
4125-58031
4124-58043
4123-58049
4122-58057
4121-58061
4120-58067
4119-58073
4118-58099
4117-58109
4116-58111
4115-58129
4114-58147
4113-58151
4112-58153
4111-58169
4110-58171
4109-58189
4108-58193
4107-58199
4106-58207
4105-58211
4104-58217
4103-58229
4102-58231
4101-58237
4100-58243
4099-58271
4098-58309
4097-58313
4096-58321
4095-58337
4094-58363
4093-58367
4092-58369
4091-58379
4090-58391
4089-58393
4088-58403
4087-58411
4086-58417
4085-58427
4084-58439
4083-58441
4082-58451
4081-58453
4080-58477
4079-58481
4078-58511
4077-58537
4076-58543
4075-58549
4074-58567
4073-58573
4072-58579
4071-58601
4070-58603
4069-58613
4068-58631
4067-58657
4066-58661
4065-58679
4064-58687
4063-58693
4062-58699
4061-58711
4060-58727
4059-58733
4058-58741
4057-58757
4056-58763
4055-58771
4054-58787
4053-58789
4052-58831
4051-58889
4050-58897
4049-58901
4048-58907
4047-58909
4046-58913
4045-58921
4044-58937
4043-58943
4042-58963
4041-58967
4040-58979
4039-58991
4038-58997
4037-59009
4036-59011
4035-59021
4034-59023
4033-59029
4032-59051
4031-59053
4030-59063
4029-59069
4028-59077
4027-59083
4026-59093
4025-59107
4024-59113
4023-59119
4022-59123
4021-59141
4020-59149
4019-59159
4018-59167
4017-59183
4016-59197
4015-59207
4014-59209
4013-59219
4012-59221
4011-59233
4010-59239
4009-59243
4008-59263
4007-59273
4006-59281
4005-59333
4004-59341
4003-59351
4002-59357
4001-59359
4000-59369
3999-59377
3998-59387
3997-59393
3996-59399
3995-59407
3994-59417
3993-59419
3992-59441
3991-59443
3990-59447
3989-59453
3988-59467
3987-59471
3986-59473
3985-59497
3984-59509
3983-59513
3982-59539
3981-59557
3980-59561
3979-59567
3978-59581
3977-59611
3976-59617
3975-59621
3974-59627
3973-59629
3972-59651
3971-59659
3970-59663
3969-59669
3968-59671
3967-59693
3966-59699
3965-59707
3964-59723
3963-59729
3962-59743
3961-59747
3960-59753
3959-59771
3958-59779
3957-59791
3956-59797
3955-59809
3954-59833
3953-59863
3952-59879
3951-59887
3950-59921
3949-59929
3948-59951
3947-59957
3946-59971
3945-59981
3944-59999
3943-60013
3942-60017
3941-60029
3940-60037
3939-60041
3938-60077
3937-60083
3936-60089
3935-60091
3934-60101
3933-60103
3932-60107
3931-60127
3930-60133
3929-60139
3928-60149
3927-60161
3926-60167
3925-60169
3924-60209
3923-60217
3922-60223
3921-60251
3920-60257
3919-60259
3918-60271
3917-60289
3916-60293
3915-60317
3914-60331
3913-60337
3912-60343
3911-60353
3910-60373
3909-60383
3908-60397
3907-60413
3906-60427
3905-60443
3904-60449
3903-60457
3902-60493
3901-60497
3900-60509
3899-60521
3898-60527
3897-60539
3896-60589
3895-60601
3894-60607
3893-60611
3892-60617
3891-60623
3890-60631
3889-60637
3888-60647
3887-60649
3886-60659
3885-60661
3884-60679
3883-60689
3882-60703
3881-60719
3880-60727
3879-60733
3878-60737
3877-60757
3876-60761
3875-60763
3874-60773
3873-60779
3872-60793
3871-60811
3870-60821
3869-60859
3868-60869
3867-60887
3866-60889
3865-60899
3864-60901
3863-60913
3862-60917
3861-60919
3860-60923
3859-60937
3858-60943
3857-60953
3856-60961
3855-61001
3854-61007
3853-61027
3852-61031
3851-61043
3850-61051
3849-61057
3848-61091
3847-61099
3846-61121
3845-61129
3844-61141
3843-61151
3842-61153
3841-61169
3840-61211
3839-61223
3838-61231
3837-61253
3836-61261
3835-61283
3834-61291
3833-61297
3832-61331
3831-61333
3830-61339
3829-61343
3828-61357
3827-61363
3826-61379
3825-61381
3824-61403
3823-61409
3822-61417
3821-61441
3820-61463
3819-61469
3818-61471
3817-61483
3816-61487
3815-61493
3814-61507
3813-61511
3812-61519
3811-61543
3810-61547
3809-61553
3808-61559
3807-61561
3806-61583
3805-61603
3804-61609
3803-61613
3802-61627
3801-61631
3800-61637
3799-61643
3798-61651
3797-61657
3796-61667
3795-61673
3794-61681
3793-61687
3792-61703
3791-61717
3790-61723
3789-61729
3788-61751
3787-61757
3786-61781
3785-61813
3784-61819
3783-61837
3782-61843
3781-61861
3780-61871
3779-61879
3778-61909
3777-61927
3776-61933
3775-61949
3774-61961
3773-61967
3772-61979
3771-61981
3770-61987
3769-61991
3768-62003
3767-62011
3766-62017
3765-62039
3764-62047
3763-62053
3762-62057
3761-62071
3760-62081
3759-62099
3758-62119
3757-62129
3756-62131
3755-62137
3754-62141
3753-62143
3752-62171
3751-62189
3750-62191
3749-62201
3748-62207
3747-62213
3746-62219
3745-62233
3744-62273
3743-62297
3742-62299
3741-62303
3740-62311
3739-62323
3738-62327
3737-62347
3736-62351
3735-62383
3734-62401
3733-62417
3732-62423
3731-62459
3730-62467
3729-62473
3728-62477
3727-62483
3726-62497
3725-62501
3724-62507
3723-62533
3722-62539
3721-62549
3720-62563
3719-62581
3718-62591
3717-62597
3716-62603
3715-62617
3714-62627
3713-62633
3712-62639
3711-62653
3710-62659
3709-62683
3708-62687
3707-62701
3706-62723
3705-62731
3704-62743
3703-62753
3702-62761
3701-62773
3700-62791
3699-62801
3698-62819
3697-62827
3696-62851
3695-62861
3694-62869
3693-62873
3692-62897
3691-62903
3690-62921
3689-62927
3688-62929
3687-62939
3686-62969
3685-62971
3684-62981
3683-62983
3682-62987
3681-62989
3680-63029
3679-63031
3678-63059
3677-63067
3676-63073
3675-63079
3674-63097
3673-63103
3672-63113
3671-63127
3670-63131
3669-63149
3668-63179
3667-63197
3666-63199
3665-63211
3664-63241
3663-63247
3662-63277
3661-63281
3660-63299
3659-63311
3658-63313
3657-63317
3656-63331
3655-63337
3654-63347
3653-63353
3652-63361
3651-63367
3650-63377
3649-63389
3648-63391
3647-63397
3646-63409
3645-63419
3644-63421
3643-63439
3642-63443
3641-63463
3640-63467
3639-63473
3638-63487
3637-63493
3636-63499
3635-63521
3634-63527
3633-63533
3632-63541
3631-63559
3630-63577
3629-63587
3628-63589
3627-63599
3626-63601
3625-63607
3624-63611
3623-63617
3622-63629
3621-63647
3620-63649
3619-63659
3618-63667
3617-63671
3616-63689
3615-63691
3614-63697
3613-63703
3612-63709
3611-63719
3610-63727
3609-63737
3608-63743
3607-63761
3606-63773
3605-63781
3604-63793
3603-63799
3602-63803
3601-63809
3600-63823
3599-63839
3598-63841
3597-63853
3596-63857
3595-63863
3594-63901
3593-63907
3592-63913
3591-63929
3590-63949
3589-63977
3588-63997
3587-64007
3586-64013
3585-64019
3584-64033
3583-64037
3582-64063
3581-64067
3580-64081
3579-64091
3578-64109
3577-64123
3576-64151
3575-64153
3574-64157
3573-64171
3572-64187
3571-64189
3570-64217
3569-64223
3568-64231
3567-64237
3566-64271
3565-64279
3564-64283
3563-64301
3562-64303
3561-64319
3560-64327
3559-64333
3558-64373
3557-64381
3556-64399
3555-64403
3554-64433
3553-64439
3552-64451
3551-64453
3550-64483
3549-64489
3548-64499
3547-64513
3546-64553
3545-64567
3544-64577
3543-64579
3542-64591
3541-64601
3540-64609
3539-64613
3538-64621
3537-64627
3536-64633
3535-64661
3534-64663
3533-64667
3532-64679
3531-64693
3530-64709
3529-64717
3528-64747
3527-64763
3526-64781
3525-64783
3524-64793
3523-64811
3522-64817
3521-64849
3520-64853
3519-64871
3518-64877
3517-64879
3516-64891
3515-64901
3514-64919
3513-64921
3512-64927
3511-64937
3510-64951
3509-64969
3508-64997
3507-65003
3506-65011
3505-65027
3504-65029
3503-65033
3502-65053
3501-65063
3500-65071
3499-65089
3498-65099
3497-65101
3496-65111
3495-65119
3494-65123
3493-65129
3492-65141
3491-65147
3490-65167
3489-65171
3488-65173
3487-65179
3486-65183
3485-65203
3484-65213
3483-65239
3482-65257
3481-65267
3480-65269
3479-65287
3478-65293
3477-65309
3476-65323
3475-65327
3474-65353
3473-65357
3472-65371
3471-65381
3470-65393
3469-65407
3468-65413
3467-65419
3466-65423
3465-65437
3464-65447
3463-65449
3462-65479
3461-65497
3460-65519
3459-65521
3458-65537
3457-65539
3456-65543
3455-65551
3454-65557
3453-65563
3452-65579
3451-65581
3450-65587
3449-65599
3448-65609
3447-65617
3446-65629
3445-65633
3444-65647
3443-65651
3442-65657
3441-65677
3440-65687
3439-65699
3438-65701
3437-65707
3436-65713
3435-65717
3434-65719
3433-65729
3432-65731
3431-65761
3430-65777
3429-65789
3428-65809
3427-65827
3426-65831
3425-65837
3424-65839
3423-65843
3422-65851
3421-65867
3420-65881
3419-65899
3418-65921
3417-65927
3416-65929
3415-65951
3414-65957
3413-65963
3412-65981
3411-65983
3410-65993
3409-66029
3408-66037
3407-66041
3406-66047
3405-66067
3404-66071
3403-66083
3402-66089
3401-66103
3400-66107
3399-66109
3398-66137
3397-66161
3396-66169
3395-66173
3394-66179
3393-66191
3392-66221
3391-66239
3390-66271
3389-66293
3388-66301
3387-66337
3386-66343
3385-66347
3384-66359
3383-66361
3382-66373
3381-66377
3380-66383
3379-66403
3378-66413
3377-66431
3376-66449
3375-66457
3374-66463
3373-66467
3372-66491
3371-66499
3370-66509
3369-66523
3368-66529
3367-66533
3366-66541
3365-66553
3364-66569
3363-66571
3362-66587
3361-66593
3360-66601
3359-66617
3358-66629
3357-66643
3356-66653
3355-66683
3354-66697
3353-66701
3352-66713
3351-66721
3350-66733
3349-66739
3348-66749
3347-66751
3346-66763
3345-66791
3344-66797
3343-66809
3342-66821
3341-66841
3340-66851
3339-66853
3338-66863
3337-66877
3336-66883
3335-66889
3334-66919
3333-66923
3332-66931
3331-66943
3330-66947
3329-66949
3328-66959
3327-66973
3326-66977
3325-67003
3324-67021
3323-67033
3322-67043
3321-67049
3320-67057
3319-67061
3318-67073
3317-67079
3316-67103
3315-67121
3314-67129
3313-67139
3312-67141
3311-67153
3310-67157
3309-67169
3308-67181
3307-67187
3306-67189
3305-67211
3304-67213
3303-67217
3302-67219
3301-67231
3300-67247
3299-67261
3298-67271
3297-67273
3296-67289
3295-67307
3294-67339
3293-67343
3292-67349
3291-67369
3290-67391
3289-67399
3288-67409
3287-67411
3286-67421
3285-67427
3284-67429
3283-67433
3282-67447
3281-67453
3280-67477
3279-67481
3278-67489
3277-67493
3276-67499
3275-67511
3274-67523
3273-67531
3272-67537
3271-67547
3270-67559
3269-67567
3268-67577
3267-67579
3266-67589
3265-67601
3264-67607
3263-67619
3262-67631
3261-67651
3260-67679
3259-67699
3258-67709
3257-67723
3256-67733
3255-67741
3254-67751
3253-67757
3252-67759
3251-67763
3250-67777
3249-67783
3248-67789
3247-67801
3246-67807
3245-67819
3244-67829
3243-67843
3242-67853
3241-67867
3240-67883
3239-67891
3238-67901
3237-67927
3236-67931
3235-67933
3234-67939
3233-67943
3232-67957
3231-67961
3230-67967
3229-67979
3228-67987
3227-67993
3226-68023
3225-68041
3224-68053
3223-68059
3222-68071
3221-68087
3220-68099
3219-68111
3218-68113
3217-68141
3216-68147
3215-68161
3214-68171
3213-68207
3212-68209
3211-68213
3210-68219
3209-68227
3208-68239
3207-68261
3206-68279
3205-68281
3204-68311
3203-68329
3202-68351
3201-68371
3200-68389
3199-68399
3198-68437
3197-68443
3196-68447
3195-68449
3194-68473
3193-68477
3192-68483
3191-68489
3190-68491
3189-68501
3188-68507
3187-68521
3186-68531
3185-68539
3184-68543
3183-68567
3182-68581
3181-68597
3180-68611
3179-68633
3178-68639
3177-68659
3176-68669
3175-68683
3174-68687
3173-68699
3172-68711
3171-68713
3170-68729
3169-68737
3168-68743
3167-68749
3166-68767
3165-68771
3164-68777
3163-68791
3162-68813
3161-68819
3160-68821
3159-68863
3158-68879
3157-68881
3156-68891
3155-68897
3154-68899
3153-68903
3152-68909
3151-68917
3150-68927
3149-68947
3148-68963
3147-68993
3146-69001
3145-69011
3144-69019
3143-69029
3142-69031
3141-69061
3140-69067
3139-69073
3138-69109
3137-69119
3136-69127
3135-69143
3134-69149
3133-69151
3132-69163
3131-69191
3130-69193
3129-69197
3128-69203
3127-69221
3126-69233
3125-69239
3124-69247
3123-69257
3122-69259
3121-69263
3120-69313
3119-69317
3118-69337
3117-69341
3116-69371
3115-69379
3114-69383
3113-69389
3112-69401
3111-69403
3110-69427
3109-69431
3108-69439
3107-69457
3106-69463
3105-69467
3104-69473
3103-69481
3102-69491
3101-69493
3100-69497
3099-69499
3098-69539
3097-69557
3096-69593
3095-69623
3094-69653
3093-69661
3092-69677
3091-69691
3090-69697
3089-69709
3088-69737
3087-69739
3086-69761
3085-69763
3084-69767
3083-69779
3082-69809
3081-69821
3080-69827
3079-69829
3078-69833
3077-69847
3076-69857
3075-69859
3074-69877
3073-69899
3072-69911
3071-69929
3070-69931
3069-69941
3068-69959
3067-69991
3066-69997
3065-70001
3064-70003
3063-70009
3062-70019
3061-70039
3060-70051
3059-70061
3058-70067
3057-70079
3056-70099
3055-70111
3054-70117
3053-70121
3052-70123
3051-70139
3050-70141
3049-70157
3048-70163
3047-70177
3046-70181
3045-70183
3044-70199
3043-70201
3042-70207
3041-70223
3040-70229
3039-70237
3038-70241
3037-70249
3036-70271
3035-70289
3034-70297
3033-70309
3032-70313
3031-70321
3030-70327
3029-70351
3028-70373
3027-70379
3026-70381
3025-70393
3024-70423
3023-70429
3022-70439
3021-70451
3020-70457
3019-70459
3018-70481
3017-70487
3016-70489
3015-70501
3014-70507
3013-70529
3012-70537
3011-70549
3010-70571
3009-70573
3008-70583
3007-70589
3006-70607
3005-70619
3004-70621
3003-70627
3002-70639
3001-70657
3000-70663
2999-70667
2998-70687
2997-70709
2996-70717
2995-70729
2994-70753
2993-70769
2992-70783
2991-70793
2990-70823
2989-70841
2988-70843
2987-70849
2986-70853
2985-70867
2984-70877
2983-70879
2982-70891
2981-70901
2980-70913
2979-70919
2978-70921
2977-70937
2976-70949
2975-70951
2974-70957
2973-70969
2972-70979
2971-70981
2970-70991
2969-70997
2968-70999
2967-71011
2966-71023
2965-71039
2964-71059
2963-71069
2962-71081
2961-71089
2960-71119
2959-71129
2958-71143
2957-71147
2956-71153
2955-71161
2954-71167
2953-71171
2952-71191
2951-71209
2950-71233
2949-71237
2948-71249
2947-71257
2946-71261
2945-71263
2944-71287
2943-71293
2942-71317
2941-71327
2940-71329
2939-71333
2938-71339
2937-71341
2936-71347
2935-71353
2934-71359
2933-71363
2932-71387
2931-71389
2930-71399
2929-71411
2928-71413
2927-71419
2926-71429
2925-71437
2924-71443
2923-71453
2922-71471
2921-71473
2920-71479
2919-71483
2918-71503
2917-71527
2916-71537
2915-71549
2914-71551
2913-71563
2912-71569
2911-71593
2910-71597
2909-71633
2908-71647
2907-71663
2906-71671
2905-71693
2904-71699
2903-71707
2902-71711
2901-71713
2900-71719
2899-71741
2898-71761
2897-71777
2896-71789
2895-71807
2894-71809
2893-71821
2892-71837
2891-71843
2890-71849
2889-71861
2888-71867
2887-71879
2886-71881
2885-71887
2884-71899
2883-71909
2882-71917
2881-71933
2880-71941
2879-71947
2878-71963
2877-71971
2876-71983
2875-71987
2874-71993
2873-71999
2872-72019
2871-72031
2870-72043
2869-72047
2868-72053
2867-72073
2866-72077
2865-72089
2864-72091
2863-72101
2862-72103
2861-72109
2860-72139
2859-72161
2858-72167
2857-72169
2856-72173
2855-72211
2854-72221
2853-72223
2852-72227
2851-72229
2850-72251
2849-72253
2848-72269
2847-72271
2846-72277
2845-72287
2844-72307
2843-72313
2842-72337
2841-72341
2840-72353
2839-72367
2838-72379
2837-72383
2836-72421
2835-72431
2834-72461
2833-72467
2832-72469
2831-72481
2830-72493
2829-72497
2828-72503
2827-72533
2826-72547
2825-72551
2824-72559
2823-72577
2822-72613
2821-72617
2820-72623
2819-72643
2818-72647
2817-72649
2816-72661
2815-72671
2814-72673
2813-72679
2812-72689
2811-72701
2810-72707
2809-72719
2808-72727
2807-72733
2806-72739
2805-72763
2804-72767
2803-72797
2802-72817
2801-72823
2800-72859
2799-72869
2798-72871
2797-72883
2796-72889
2795-72893
2794-72901
2793-72907
2792-72911
2791-72923
2790-72931
2789-72937
2788-72949
2787-72953
2786-72959
2785-72973
2784-72977
2783-72997
2782-73009
2781-73013
2780-73019
2779-73037
2778-73039
2777-73043
2776-73061
2775-73063
2774-73079
2773-73091
2772-73121
2771-73127
2770-73133
2769-73141
2768-73181
2767-73189
2766-73237
2765-73243
2764-73259
2763-73277
2762-73291
2761-73303
2760-73309
2759-73327
2758-73331
2757-73351
2756-73361
2755-73363
2754-73369
2753-73379
2752-73387
2751-73417
2750-73421
2749-73433
2748-73453
2747-73459
2746-73471
2745-73477
2744-73483
2743-73517
2742-73523
2741-73529
2740-73547
2739-73553
2738-73561
2737-73571
2736-73583
2735-73589
2734-73597
2733-73607
2732-73609
2731-73613
2730-73637
2729-73643
2728-73651
2727-73673
2726-73679
2725-73681
2724-73693
2723-73699
2722-73709
2721-73721
2720-73727
2719-73751
2718-73757
2717-73771
2716-73783
2715-73819
2714-73823
2713-73847
2712-73849
2711-73859
2710-73867
2709-73877
2708-73883
2707-73897
2706-73907
2705-73939
2704-73943
2703-73951
2702-73961
2701-73973
2700-73999
2699-74017
2698-74021
2697-74027
2696-74047
2695-74051
2694-74071
2693-74077
2692-74093
2691-74099
2690-74101
2689-74131
2688-74143
2687-74149
2686-74159
2685-74161
2684-74167
2683-74177
2682-74189
2681-74197
2680-74201
2679-74203
2678-74209
2677-74219
2676-74231
2675-74257
2674-74279
2673-74287
2672-74293
2671-74297
2670-74311
2669-74317
2668-74323
2667-74353
2666-74357
2665-74363
2664-74377
2663-74381
2662-74383
[...]
1874-83233
1873-83243
1872-83257
1871-83267
1870-83269
1869-83273
1868-83299
1867-83311
1866-83339
1865-83341
1864-83357
1863-83383
1862-83389
1861-83399
1860-83401
1859-83407
1858-83417
1857-83423
1856-83431
1855-83437
1854-83443
1853-83449
1852-83459
1851-83471
1850-83477
1849-83497
1848-83537
1847-83557
1846-83561
1845-83563
1844-83579
1843-83591
1842-83597
1841-83609
1840-83617
1839-83621
1838-83639
1837-83641
1836-83653
1835-83663
1834-83689
1833-83701
1832-83717
1831-83719
1830-83737
1829-83761
1828-83773
1827-83777
1826-83791
1825-83813
1824-83833
1823-83843
1822-83857
1821-83869
1820-83873
1819-83891
1818-83903
1817-83911
1816-83921
1815-83933
1814-83939
1813-83969
1812-83983
1811-83987
1810-84011
1809-84017
1808-84047
1807-84053
1806-84059
1805-84061
1804-84067
1803-84089
1802-84121
1801-84127
1800-84131
1799-84137
1798-84143
1797-84163
1796-84179
1795-84181
1794-84191
1793-84199
1792-84211
1791-84221
1790-84223
1789-84229
1788-84239
1787-84247
1786-84263
1785-84299
1784-84307
1783-84313
1782-84317
1781-84319
1780-84347
1779-84349
1778-84377
1777-84389
1776-84391
1775-84401
1774-84407
1773-84421
1772-84431
1771-84437
1770-84443
1769-84449
1768-84457
1767-84463
1766-84467
1765-84481
1764-84499
1763-84503
1762-84509
1761-84521
1760-84523
1759-84533
1758-84551
1757-84559
1756-84589
1755-84629
1754-84631
1753-84649
1752-84653
1751-84659
1750-84673
1749-84691
1748-84697
1747-84701
1746-84713
1745-84719
1744-84731
1743-84737
1742-84751
1741-84761
1740-84787
1739-84793
1738-84809
1737-84811
1736-84827
1735-84857
1734-84859
1733-84869
1732-84871
1731-84913
1730-84919
1729-84947
1728-84961
1727-84967
1726-84977
1725-84979
1724-84991
1723-85009
1722-85021
1721-85027
1720-85037
1719-85049
1718-85061
1717-85081
1716-85087
1715-85091
1714-85093
1713-85103
1712-85109
1711-85121
1710-85133
1709-85147
1708-85159
1707-85193
1706-85199
1705-85201
1704-85213
1703-85223
1702-85229
1701-85237
1700-85243
1699-85247
1698-85259
1697-85297
1696-85303
1695-85313
1694-85331
1693-85333
1692-85361
1691-85363
1690-85369
1689-85381
1688-85411
1687-85427
1686-85429
1685-85439
1684-85447
1683-85451
1682-85453
1681-85469
1680-85487
1679-85513
1678-85517
1677-85523
1676-85531
1675-85549
1674-85571
1673-85577
1672-85597
1671-85601
1670-85607
1669-85619
1668-85621
1667-85627
1666-85639
1665-85643
1664-85661
1663-85667
1662-85669
1661-85691
1660-85703
1659-85711
1658-85717
1657-85733
1656-85751
1655-85781
1654-85793
1653-85817
1652-85819
1651-85829
1650-85831
1649-85837
1648-85843
1647-85847
1646-85853
1645-85889
1644-85903
1643-85909
1642-85931
1641-85933
1640-85991
1639-85999
1638-86011
1637-86017
1636-86027
1635-86029
1634-86069
1633-86077
1632-86083
1631-86111
1630-86113
1629-86117
1628-86131
1627-86137
1626-86143
1625-86161
1624-86171
1623-86179
1622-86183
1621-86197
1620-86201
1619-86209
1618-86239
1617-86243
1616-86249
1615-86257
1614-86263
1613-86269
1612-86287
1611-86291
1610-86293
1609-86297
1608-86311
1607-86323
1606-86341
1605-86351
1604-86353
1603-86357
1602-86369
1601-86371
1600-86381
1599-86389
1598-86399
1597-86413
1596-86423
1595-86441
1594-86453
1593-86461
1592-86467
1591-86477
1590-86491
1589-86501
1588-86509
1587-86531
1586-86533
1585-86539
1584-86561
1583-86573
1582-86579
1581-86587
1580-86599
1579-86627
1578-86629
1577-86677
1576-86689
1575-86693
1574-86711
1573-86719
1572-86729
1571-86743
1570-86753
1569-86767
1568-86771
1567-86783
1566-86813
1565-86837
1564-86843
1563-86851
1562-86857
1561-86861
1560-86869
1559-86923
1558-86927
1557-86929
1556-86939
1555-86951
1554-86959
1553-86969
1552-86981
1551-86993
1550-87011
1549-87013
1548-87037
1547-87041
1546-87049
1545-87071
1544-87083
1543-87103
1542-87107
1541-87119
1540-87121
1539-87133
1538-87149
1537-87151
1536-87179
1535-87181
1534-87187
1533-87211
1532-87221
1531-87223
1530-87251
1529-87253
1528-87257
1527-87277
1526-87281
1525-87293
1524-87299
1523-87313
1522-87317
1521-87323
1520-87337
1519-87359
1518-87383
1517-87403
1516-87407
1515-87421
1514-87427
1513-87433
1512-87443
1511-87473
1510-87481
1509-87491
1508-87509
1507-87511
1506-87517
1505-87523
1504-87539
1503-87541
1502-87547
1501-87553
1500-87557
1499-87559
1498-87583
1497-87587
1496-87589
1495-87613
1494-87623
1493-87629
1492-87631
1491-87641
1490-87643
1489-87649
1488-87671
1487-87679
1486-87683
1485-87691
1484-87697
1483-87701
1482-87719
1481-87721
1480-87739
1479-87743
1478-87751
1477-87767
1476-87793
1475-87797
1474-87803
1473-87811
1472-87833
1471-87853
1470-87869
1469-87877
1468-87881
1467-87887
1466-87911
1465-87917
1464-87931
1463-87943
1462-87959
1461-87961
1460-87973
1459-87977
1458-87991
1457-88001
1456-88003
1455-88007
1454-88019
1453-88037
1452-88069
1451-88079
1450-88093
1449-88117
1448-88129
1447-88169
1446-88177
1445-88211
1444-88223
1443-88237
1442-88241
1441-88259
1440-88261
1439-88289
1438-88301
1437-88321
1436-88327
1435-88337
1434-88339
1433-88379
1432-88397
1431-88411
1430-88423
1429-88427
1428-88463
1427-88469
1426-88471
1425-88493
1424-88499
1423-88513
1422-88523
1421-88547
1420-88589
1419-88591
1418-88607
1417-88609
1416-88643
1415-88651
1414-88657
1413-88661
1412-88663
1411-88667
1410-88681
1409-88721
1408-88729
1407-88741
1406-88747
1405-88771
1404-88789
1403-88793
1402-88799
1401-88801
1400-88807
1399-88811
1398-88813
1397-88817
1396-88819
1395-88843
1394-88853
1393-88861
1392-88867
1391-88873
1390-88883
1389-88897
1388-88903
1387-88919
1386-88937
1385-88951
1384-88969
1383-88993
1382-88997
1381-89003
1380-89009
1379-89017
1378-89021
1377-89041
1376-89051
1375-89057
1374-89069
1373-89071
1372-89083
1371-89087
1370-89101
1369-89107
1368-89113
1367-89119
1366-89123
1365-89137
1364-89153
1363-89189
1362-89203
1361-89209
1360-89213
1359-89227
1358-89231
1357-89237
1356-89261
1355-89269
1354-89273
1353-89293
1352-89303
1351-89317
1350-89329
1349-89363
1348-89371
1347-89381
1346-89387
1345-89393
1344-89399
1343-89413
1342-89417
1341-89431
1340-89443
1339-89449
1338-89459
1337-89477
1336-89491
1335-89501
1334-89513
1333-89519
1332-89521
1331-89527
1330-89533
1329-89561
1328-89563
1327-89567
1326-89591
1325-89597
1324-89599
1323-89603
1322-89611
1321-89627
1320-89633
1319-89653
1318-89657
1317-89659
1316-89669
1315-89671
1314-89681
1313-89689
1312-89753
1311-89759
1310-89767
1309-89779
1308-89783
1307-89797
1306-89809
1305-89819
1304-89821
1303-89833
1302-89839
1301-89849
1300-89867
1299-89891
1298-89897
1297-89899
1296-89909
1295-89917
1294-89923
1293-89939
1292-89959
1291-89963
1290-89977
1289-89983
1288-89989
1287-90001
1286-90007
1285-90011
1284-90017
1283-90019
1282-90023
1281-90031
1280-90053
1279-90059
1278-90067
1277-90071
1276-90073
1275-90089
1274-90107
1273-90121
1272-90127
1271-90149
1270-90163
1269-90173
1268-90187
1267-90191
1266-90197
1265-90199
1264-90203
1263-90217
1262-90227
1261-90239
1260-90247
1259-90263
1258-90271
1257-90281
1256-90289
1255-90313
1254-90353
1253-90359
1252-90371
1251-90373
1250-90379
1249-90397
1248-90401
1247-90403
1246-90407
1245-90437
1244-90439
1243-90469
1242-90473
1241-90481
1240-90499
1239-90511
1238-90523
1237-90527
1236-90529
1235-90533
1234-90547
1233-90583
1232-90599
1231-90617
1230-90619
1229-90631
1228-90641
1227-90647
1226-90659
1225-90677
1224-90679
1223-90697
1222-90703
1221-90709
1220-90731
1219-90749
1218-90787
1217-90793
1216-90803
1215-90821
1214-90823
1213-90833
1212-90841
1211-90847
1210-90863
1209-90887
1208-90901
1207-90907
1206-90911
1205-90917
1204-90931
1203-90947
1202-90971
1201-90977
1200-90989
1199-90997
1198-91009
1197-91019
1196-91033
1195-91079
1194-91081
1193-91097
1192-91099
1191-91121
1190-91127
1189-91129
1188-91139
1187-91141
1186-91151
1185-91153
1184-91159
1183-91163
1182-91183
1181-91193
1180-91199
1179-91229
1178-91237
1177-91243
1176-91249
1175-91253
1174-91283
1173-91291
1172-91297
1171-91303
1170-91309
1169-91331
1168-91367
1167-91369
1166-91373
1165-91381
1164-91387
1163-91393
1162-91397
1161-91411
1160-91423
1159-91433
1158-91453
1157-91457
1156-91459
1155-91463
1154-91493
1153-91499
1152-91513
1151-91529
1150-91541
1149-91571
1148-91573
1147-91577
1146-91583
1145-91591
1144-91621
1143-91631
1142-91639
1141-91673
1140-91691
1139-91703
1138-91711
1137-91733
1136-91753
1135-91757
1134-91771
1133-91781
1132-91801
1131-91807
1130-91811
1129-91813
1128-91823
1127-91837
1126-91841
1125-91867
1124-91873
1123-91909
1122-91921
1121-91939
1120-91943
1119-91951
1118-91957
1117-91961
1116-91967
1115-91969
1114-91997
1113-92003
1112-92009
1111-92033
1110-92041
1109-92051
1108-92077
1107-92083
1106-92107
1105-92111
1104-92119
1103-92143
1102-92153
1101-92173
1100-92177
1099-92179
1098-92189
1097-92203
1096-92219
1095-92221
1094-92227
1093-92233
1092-92237
1091-92243
1090-92251
1089-92269
1088-92297
1087-92311
1086-92317
1085-92333
1084-92347
1083-92353
1082-92357
1081-92363
1080-92369
1079-92377
1078-92381
1077-92383
1076-92387
1075-92399
1074-92401
1073-92413
1072-92419
1071-92431
1070-92459
1069-92461
1068-92467
1067-92479
1066-92489
1065-92503
1064-92507
1063-92551
1062-92557
1061-92567
1060-92569
1059-92581
1058-92593
1057-92623
1056-92627
1055-92639
1054-92641
1053-92647
1052-92657
1051-92669
1050-92671
1049-92681
1048-92683
1047-92693
1046-92699
1045-92707
1044-92717
1043-92723
1042-92737
1041-92753
1040-92761
1039-92767
1038-92779
1037-92789
1036-92791
1035-92801
1034-92809
1033-92821
1032-92831
1031-92849
1030-92857
1029-92861
1028-92863
1027-92867
1026-92893
1025-92899
1024-92921
1023-92927
1022-92941
1021-92951
1020-92957
1019-92959
1018-92987
1017-92993
1016-93001
1015-93047
1014-93053
1013-93059
1012-93077
1011-93083
1010-93089
1009-93097
1008-93103
1007-93113
1006-93131
1005-93133
1004-93139
1003-93151
1002-93169
1001-93179
1000-93187
999-93199
998-93229
997-93239
996-93241
995-93251
994-93253
993-93257
992-93263
991-93281
990-93283
989-93287
988-93307
987-93319
986-93323
985-93329
984-93337
983-93371
982-93377
981-93383
980-93407
979-93419
978-93427
977-93463
976-93479
975-93481
974-93487
973-93491
972-93493
971-93497
970-93503
969-93523
968-93529
967-93553
966-93557
965-93559
964-93563
963-93581
962-93601
961-93607
960-93629
959-93637
958-93683
957-93701
956-93703
955-93719
954-93739
953-93761
952-93763
951-93787
950-93809
949-93811
948-93827
947-93851
946-93871
945-93887
944-93889
943-93893
942-93901
941-93911
940-93913
939-93923
938-93937
937-93941
936-93949
935-93967
934-93971
933-93979
932-93983
931-93997
930-94007
929-94009
928-94033
927-94049
926-94057
925-94063
924-94079
923-94099
922-94109
921-94111
920-94117
919-94121
918-94151
917-94153
916-94169
915-94201
914-94207
913-94219
912-94229
911-94253
910-94261
909-94273
908-94291
907-94307
906-94309
905-94321
904-94327
903-94331
902-94343
901-94349
900-94351
899-94379
898-94397
897-94399
896-94421
895-94427
894-94433
893-94439
892-94441
891-94447
890-94463
889-94477
888-94483
887-94513
886-94529
885-94531
884-94541
883-94543
882-94547
881-94559
880-94561
879-94573
878-94583
877-94597
876-94603
875-94613
874-94621
873-94649
872-94651
871-94687
870-94693
869-94709
868-94723
867-94727
866-94747
865-94771
864-94777
863-94781
862-94789
861-94793
860-94811
859-94819
858-94823
857-94837
856-94841
855-94847
854-94849
853-94873
852-94889
851-94903
850-94907
849-94933
848-94949
847-94951
846-94961
845-94993
844-94999
843-95003
842-95009
841-95021
840-95027
839-95063
838-95071
837-95083
836-95087
835-95089
834-95093
833-95101
832-95107
831-95111
830-95131
829-95143
828-95153
827-95177
826-95189
825-95191
824-95203
823-95213
822-95219
821-95231
820-95233
819-95239
818-95257
817-95261
816-95267
815-95273
814-95279
813-95287
812-95311
811-95317
810-95327
809-95339
808-95369
807-95383
806-95393
805-95401
804-95413
803-95419
802-95429
801-95441
800-95443
799-95461
798-95467
797-95471
796-95479
795-95483
794-95507
793-95527
792-95531
791-95539
790-95549
789-95561
788-95569
787-95581
786-95597
785-95603
784-95617
783-95621
782-95629
781-95633
780-95651
779-95701
778-95707
777-95713
776-95717
775-95723
774-95731
773-95737
772-95747
771-95773
770-95783
769-95789
768-95791
767-95801
766-95803
765-95813
764-95819
763-95857
762-95869
761-95873
760-95881
759-95891
758-95911
757-95917
756-95923
755-95929
754-95947
753-95957
752-95959
751-95971
750-95987
749-95989
748-96001
747-96013
746-96017
745-96043
744-96053
743-96059
742-96079
741-96097
740-96137
739-96149
738-96157
737-96167
736-96179
735-96181
734-96199
733-96211
732-96221
731-96223
730-96233
729-96259
728-96263
727-96269
726-96281
725-96289
724-96293
723-96323
722-96329
721-96331
720-96337
719-96353
718-96377
717-96401
716-96419
715-96431
714-96443
713-96451
712-96457
711-96461
710-96469
709-96479
708-96487
707-96493
706-96497
705-96517
704-96527
703-96553
702-96557
701-96581
700-96587
699-96589
698-96601
697-96643
696-96661
695-96667
694-96671
693-96697
692-96703
691-96731
690-96737
689-96739
688-96749
687-96757
686-96763
685-96769
684-96779
683-96787
682-96797
681-96799
680-96821
679-96823
678-96827
677-96847
676-96851
675-96857
674-96893
673-96907
672-96911
671-96931
670-96953
669-96959
668-96973
667-96979
666-96989
665-96997
664-97001
663-97003
662-97007
661-97021
660-97039
659-97073
658-97081
657-97103
656-97117
655-97127
654-97151
653-97157
652-97159
651-97169
650-97171
649-97177
648-97187
647-97213
646-97231
645-97241
644-97259
643-97283
642-97301
641-97303
640-97327
639-97367
638-97369
637-97373
636-97379
635-97381
634-97387
633-97397
632-97423
631-97429
630-97441
629-97453
628-97459
627-97463
626-97499
625-97501
624-97511
623-97523
622-97547
621-97549
620-97553
619-97561
618-97571
617-97577
616-97579
615-97583
614-97607
613-97609
612-97613
611-97649
610-97651
609-97673
608-97687
607-97711
606-97729
605-97771
604-97777
603-97787
602-97789
601-97813
600-97829
599-97841
598-97843
597-97847
596-97849
595-97859
594-97861
593-97871
592-97879
591-97883
590-97919
589-97927
588-97931
587-97943
586-97961
585-97967
584-97973
583-97987
582-98009
581-98011
580-98017
579-98041
578-98047
577-98057
576-98081
575-98101
574-98123
573-98129
572-98143
571-98179
570-98207
569-98213
568-98221
567-98227
566-98251
565-98257
564-98269
563-98297
562-98299
561-98317
560-98321
559-98323
558-98327
557-98347
556-98369
555-98377
554-98387
553-98389
552-98407
551-98411
550-98419
549-98429
548-98443
547-98453
546-98459
545-98467
544-98473
543-98479
542-98491
541-98507
540-98519
539-98533
538-98543
537-98561
536-98563
535-98573
534-98597
533-98621
532-98627
531-98639
530-98641
529-98663
528-98669
527-98689
526-98711
525-98713
524-98717
523-98729
522-98731
521-98737
520-98773
519-98779
518-98801
517-98807
516-98809
515-98837
514-98849
513-98867
512-98869
511-98873
510-98887
509-98893
508-98897
507-98899
506-98909
505-98911
504-98927
503-98929
502-98939
501-98947
500-98953
499-98963
498-98981
497-98993
496-98999
495-99013
494-99017
493-99023
492-99041
491-99053
490-99079
489-99083
488-99089
487-99103
486-99109
485-99119
484-99131
483-99133
482-99137
481-99139
480-99149
479-99173
478-99181
477-99191
476-99223
475-99233
474-99241
473-99251
472-99257
471-99259
470-99277
469-99289
468-99317
467-99347
466-99349
465-99367
464-99371
463-99377
462-99391
461-99397
460-99401
459-99409
458-99431
457-99439
456-99469
455-99487
454-99497
453-99523
452-99527
451-99529
450-99551
449-99559
448-99563
447-99571
446-99577
445-99581
444-99607
443-99611
442-99623
441-99643
440-99661
439-99667
438-99679
437-99689
436-99707
435-99709
434-99713
433-99719
432-99721
431-99733
430-99761
429-99767
428-99787
427-99793
426-99809
425-99817
424-99823
423-99829
422-99833
421-99839
420-99859
419-99871
418-99877
417-99881
416-99901
415-99907
414-99923
413-99929
412-99961
411-99971
410-99989
409-99991
408-100003
407-100019
406-100043
405-100049
404-100057
403-100069
402-100103
401-100109
400-100129
399-100151
398-100153
397-100169
396-100183
395-100189
394-100193
393-100207
392-100213
391-100237
390-100267
389-100271
388-100279
387-100291
386-100297
385-100313
384-100333
383-100343
382-100357
381-100361
380-100363
379-100379
378-100391
377-100393
376-100403
375-100411
374-100417
373-100447
372-100459
371-100469
370-100483
369-100493
368-100501
367-100511
366-100517
365-100519
364-100523
363-100537
362-100547
361-100549
360-100559
359-100591
358-100609
357-100613
356-100621
355-100649
354-100669
353-100673
352-100693
351-100699
350-100703
349-100733
348-100741
347-100747
346-100769
345-100787
344-100799
343-100801
342-100811
341-100823
340-100829
339-100847
338-100853
337-100907
336-100913
335-100927
334-100931
333-100937
332-100943
331-100957
330-100981
329-100987
328-100999
327-101009
326-101021
325-101027
324-101051
323-101063
322-101081
321-101089
320-101107
319-101111
318-101113
317-101117
316-101119
315-101141
314-101149
313-101159
312-101161
311-101173
310-101183
309-101197
308-101203
307-101207
306-101209
305-101221
304-101267
303-101273
302-101279
301-101281
300-101287
299-101293
298-101323
297-101333
296-101341
295-101347
294-101359
293-101363
292-101377
291-101383
290-101399
289-101411
288-101419
287-101429
286-101449
285-101467
284-101477
283-101483
282-101489
281-101501
280-101503
279-101513
278-101527
277-101531
276-101533
275-101537
274-101561
273-101573
272-101581
271-101599
270-101603
269-101611
268-101627
267-101641
266-101653
265-101663
264-101681
263-101693
262-101701
261-101719
260-101723
259-101737
258-101741
257-101747
256-101749
255-101771
254-101789
253-101797
252-101807
251-101833
250-101837
249-101839
248-101863
247-101869
246-101873
245-101879
244-101891
243-101917
242-101921
241-101929
240-101939
239-101957
238-101963
237-101977
236-101987
235-101999
234-102001
233-102013
232-102019
231-102023
230-102031
229-102043
228-102059
227-102061
226-102071
225-102077
224-102079
223-102101
222-102103
221-102107
220-102121
219-102139
218-102149
217-102161
216-102181
215-102191
214-102197
213-102199
212-102203
211-102217
210-102229
209-102233
208-102241
207-102251
206-102253
205-102259
204-102293
203-102299
202-102301
201-102317
200-102329
199-102337
198-102359
197-102367
196-102397
195-102407
194-102409
193-102433
192-102437
191-102451
190-102461
189-102481
188-102497
187-102499
186-102503
185-102523
184-102533
183-102539
182-102547
181-102551
180-102559
179-102563
178-102587
177-102593
176-102607
175-102611
174-102643
173-102647
172-102653
171-102667
170-102673
169-102677
168-102679
167-102701
166-102761
165-102763
164-102769
163-102793
162-102797
161-102811
160-102829
159-102841
158-102859
157-102871
156-102877
155-102881
154-102911
153-102913
152-102929
151-102931
150-102953
149-102967
148-102983
147-103001
146-103007
145-103043
144-103049
143-103067
142-103069
141-103079
140-103087
139-103091
138-103093
137-103099
136-103123
135-103141
134-103171
133-103177
132-103183
131-103217
130-103231
129-103237
128-103289
127-103291
126-103307
125-103319
124-103333
123-103349
122-103357
121-103387
120-103391
119-103393
118-103399
117-103409
116-103421
115-103423
114-103451
113-103457
112-103471
111-103483
110-103511
109-103529
108-103549
107-103553
106-103561
105-103567
104-103573
103-103577
102-103583
101-103591
100-103613
99-103619
98-103643
97-103651
96-103657
95-103669
94-103681
93-103687
92-103699
91-103703
90-103723
89-103769
88-103787
87-103801
86-103811
85-103813
84-103837
83-103841
82-103843
81-103867
80-103889
79-103903
78-103913
77-103919
76-103951
75-103963
74-103967
73-103969
72-103979
71-103981
70-103991
69-103993
68-103997
67-104003
66-104009
65-104021
64-104033
63-104047
62-104053
61-104059
60-104087
59-104089
58-104107
57-104113
56-104119
55-104123
54-104147
53-104149
52-104161
51-104173
50-104179
49-104183
48-104207
47-104231
46-104233
45-104239
44-104243
43-104281
42-104287
41-104297
40-104309
39-104311
38-104323
37-104327
36-104347
35-104369
34-104381
33-104383
32-104393
31-104399
30-104417
29-104459
28-104471
27-104473
26-104479
25-104491
24-104513
23-104527
22-104537
21-104543
20-104549
19-104551
18-104561
17-104579
16-104593
15-104597
14-104623
13-104639
12-104651
11-104659
10-104677
9-104681
8-104683
7-104693
6-104701
5-104707
4-104711
3-104717
2-104723
1-104729
0-104743
]]></system-out>
  <system-err><![CDATA[]]></system-err>
</testsuite>
